2021-05-07 15:44:41.295 aa99971b-2181-467e-84c0-a45bb3d48b45,0: secco.Equipo:0 by sven, compresor: [NEW] -> null
2021-05-07 15:44:41.295 aa99971b-2181-467e-84c0-a45bb3d48b45,0: secco.Equipo:0 by sven, denominacion: [NEW] -> E001
2021-05-07 15:44:41.295 aa99971b-2181-467e-84c0-a45bb3d48b45,0: secco.Equipo:0 by sven, horometro: [NEW] -> 0.0
2021-05-07 15:44:41.295 aa99971b-2181-467e-84c0-a45bb3d48b45,0: secco.Equipo:0 by sven, motor: [NEW] -> null
2021-05-07 15:44:41.295 aa99971b-2181-467e-84c0-a45bb3d48b45,0: secco.Equipo:0 by sven, notes: [NEW] -> null
2021-05-07 15:44:41.296 aa99971b-2181-467e-84c0-a45bb3d48b45,0: secco.Equipo:0 by sven, porcentajeDisponibilidad: [NEW] -> 0.0
2021-05-07 15:44:41.296 aa99971b-2181-467e-84c0-a45bb3d48b45,0: secco.Equipo:0 by sven, presionAceite: [NEW] -> 40.0
2021-05-07 15:44:41.296 aa99971b-2181-467e-84c0-a45bb3d48b45,0: secco.Equipo:0 by sven, rpm: [NEW] -> 2200.0
2021-05-07 15:44:41.296 aa99971b-2181-467e-84c0-a45bb3d48b45,0: secco.Equipo:1 by sven, compresor: [NEW] -> null
2021-05-07 15:44:41.296 aa99971b-2181-467e-84c0-a45bb3d48b45,0: secco.Equipo:1 by sven, denominacion: [NEW] -> E003
2021-05-07 15:44:41.296 aa99971b-2181-467e-84c0-a45bb3d48b45,0: secco.Equipo:1 by sven, horometro: [NEW] -> 24.0
2021-05-07 15:44:41.296 aa99971b-2181-467e-84c0-a45bb3d48b45,0: secco.Equipo:1 by sven, motor: [NEW] -> null
2021-05-07 15:44:41.296 aa99971b-2181-467e-84c0-a45bb3d48b45,0: secco.Equipo:1 by sven, notes: [NEW] -> null
2021-05-07 15:44:41.296 aa99971b-2181-467e-84c0-a45bb3d48b45,0: secco.Equipo:1 by sven, porcentajeDisponibilidad: [NEW] -> 0.0
2021-05-07 15:44:41.296 aa99971b-2181-467e-84c0-a45bb3d48b45,0: secco.Equipo:1 by sven, presionAceite: [NEW] -> 35.0
2021-05-07 15:44:41.296 aa99971b-2181-467e-84c0-a45bb3d48b45,0: secco.Equipo:1 by sven, rpm: [NEW] -> 2500.0
2021-05-07 15:44:41.296 aa99971b-2181-467e-84c0-a45bb3d48b45,0: secco.Equipo:2 by sven, compresor: [NEW] -> null
2021-05-07 15:44:41.296 aa99971b-2181-467e-84c0-a45bb3d48b45,0: secco.Equipo:2 by sven, denominacion: [NEW] -> E002
2021-05-07 15:44:41.296 aa99971b-2181-467e-84c0-a45bb3d48b45,0: secco.Equipo:2 by sven, horometro: [NEW] -> 48.0
2021-05-07 15:44:41.296 aa99971b-2181-467e-84c0-a45bb3d48b45,0: secco.Equipo:2 by sven, motor: [NEW] -> null
2021-05-07 15:44:41.296 aa99971b-2181-467e-84c0-a45bb3d48b45,0: secco.Equipo:2 by sven, notes: [NEW] -> null
2021-05-07 15:44:41.296 aa99971b-2181-467e-84c0-a45bb3d48b45,0: secco.Equipo:2 by sven, porcentajeDisponibilidad: [NEW] -> 0.0
2021-05-07 15:44:41.296 aa99971b-2181-467e-84c0-a45bb3d48b45,0: secco.Equipo:2 by sven, presionAceite: [NEW] -> 38.0
2021-05-07 15:44:41.296 aa99971b-2181-467e-84c0-a45bb3d48b45,0: secco.Equipo:2 by sven, rpm: [NEW] -> 2350.0
2021-05-07 15:46:54.381 7e59c604-455e-4691-aa19-0f6917899f12,0: compresors.Compresor:0 by sven, caudalDiario: [NEW] -> 0.0
2021-05-07 15:46:54.382 7e59c604-455e-4691-aa19-0f6917899f12,0: compresors.Compresor:0 by sven, equipo: [NEW] -> E001
2021-05-07 15:46:54.382 7e59c604-455e-4691-aa19-0f6917899f12,0: compresors.Compresor:0 by sven, presionDescarga: [NEW] -> 0.0
2021-05-07 15:46:54.382 7e59c604-455e-4691-aa19-0f6917899f12,0: compresors.Compresor:0 by sven, presionSuccion1: [NEW] -> 0.0
2021-05-07 15:46:54.382 7e59c604-455e-4691-aa19-0f6917899f12,0: compresors.Compresor:0 by sven, presionSuccion2: [NEW] -> 0.0
2021-05-07 15:46:54.382 7e59c604-455e-4691-aa19-0f6917899f12,0: compresors.Compresor:0 by sven, presionSuccion3: [NEW] -> 0.0
2021-05-07 15:46:54.382 7e59c604-455e-4691-aa19-0f6917899f12,0: compresors.Compresor:0 by sven, tag: [NEW] -> C546
2021-05-07 15:46:54.382 7e59c604-455e-4691-aa19-0f6917899f12,0: compresors.Compresor:0 by sven, temperaturaSuccion1: [NEW] -> 0.0
2021-05-07 15:46:54.382 7e59c604-455e-4691-aa19-0f6917899f12,0: compresors.Compresor:0 by sven, temperaturaSuccion2: [NEW] -> 0.0
2021-05-07 15:46:54.382 7e59c604-455e-4691-aa19-0f6917899f12,0: compresors.Compresor:0 by sven, temperaturaSuccion3: [NEW] -> 0.0
