2021-05-03 13:57:57.532 <?xml version="1.0" encoding="UTF-8" standalone="yes"?>
<ixn:interactionDto xmlns:com="http://isis.apache.org/schema/common" xmlns:cmd="http://isis.apache.org/schema/cmd" xmlns:ixn="http://isis.apache.org/schema/ixn">
    <ixn:majorVersion>1</ixn:majorVersion>
    <ixn:minorVersion>0</ixn:minorVersion>
    <ixn:transactionId>c6bbe662-0c4b-4474-888e-eacb68b408b2</ixn:transactionId>
    <ixn:execution xsi:type="ixn:actionInvocationDto" interactionType="action_invocation" xmlns:xsi="http://www.w3.org/2001/XMLSchema-instance">
        <ixn:sequence>0</ixn:sequence>
        <ixn:target type="secco.Equipo" id="0"/>
        <ixn:logicalMemberIdentifier>secco.Equipo#updateName()</ixn:logicalMemberIdentifier>
        <ixn:memberIdentifier>domainapp.dom.impl.Equipo#updateName()</ixn:memberIdentifier>
        <ixn:user>sven</ixn:user>
        <ixn:title>secco.Equipo:0: updateName()</ixn:title>
        <ixn:metrics>
            <ixn:timings>
                <com:startedAt>2021-05-03T13:57:57.463-03:00</com:startedAt>
                <com:completedAt>2021-05-03T13:57:57.465-03:00</com:completedAt>
            </ixn:timings>
            <ixn:objectCounts>
                <ixn:loaded before="1" after="1"/>
                <ixn:dirtied before="0" after="1"/>
            </ixn:objectCounts>
        </ixn:metrics>
        <ixn:parameters>
            <cmd:parameter name="Denominacion" type="string" null="false">
                <com:string>EQ003</com:string>
            </cmd:parameter>
            <cmd:parameter name="Modelo" type="string" null="false">
                <com:string>M3</com:string>
            </cmd:parameter>
        </ixn:parameters>
        <ixn:returned type="reference" null="false">
            <com:reference type="secco.Equipo" id="0"/>
        </ixn:returned>
    </ixn:execution>
</ixn:interactionDto>

