2021-05-03 18:04:16.413 La columna ""DELETEME1620075856399"."UNUSED"" añadió a la representación de la table.
2021-05-03 18:04:16.420 Crear la tabla "DELETEME1620075856399"
2021-05-03 18:04:16.426 CREATE TABLE "DELETEME1620075856399"
(
    "UNUSED" INTEGER NOT NULL
)
2021-05-03 18:04:16.428 Tiempo de cumplir = 1 ms
2021-05-03 18:04:16.446 Borrar la tabla "DELETEME1620075856399"
2021-05-03 18:04:16.447 DROP TABLE "DELETEME1620075856399"
2021-05-03 18:04:16.449 Tiempo de cumplir = 1 ms
2021-05-03 18:04:16.865 La columna ""DELETEME1620075856865"."UNUSED"" añadió a la representación de la table.
2021-05-03 18:04:16.866 Crear la tabla "DELETEME1620075856865"
2021-05-03 18:04:16.866 CREATE TABLE "DELETEME1620075856865"
(
    "UNUSED" INTEGER NOT NULL
)
2021-05-03 18:04:16.868 Tiempo de cumplir = 1 ms
2021-05-03 18:04:16.872 Borrar la tabla "DELETEME1620075856865"
2021-05-03 18:04:16.872 DROP TABLE "DELETEME1620075856865"
2021-05-03 18:04:16.873 Tiempo de cumplir = 0 ms
2021-05-03 18:04:17.019 La columna ""secco"."Equipo"."id"" añadió a la representación de la table.
2021-05-03 18:04:17.021 Campo [DATASTORE_ID] -> Columnas ["secco"."Equipo"."id"] usando mapping del tipo "org.datanucleus.store.rdbms.mapping.java.DatastoreIdMapping" (org.datanucleus.store.rdbms.mapping.datastore.BigIntRDBMSMapping)
2021-05-03 18:04:17.027 La tabla "secco"."Equipo" va a manejar la persistencia de los campos de la clase domainapp.dom.impl.Equipo (estrategia de heredar="new-table")
2021-05-03 18:04:17.028 La columna ""secco"."Equipo"."denominacion"" añadió a la representación de la table.
2021-05-03 18:04:17.032 Campo [domainapp.dom.impl.Equipo.denominacion] -> Columnas ["secco"."Equipo"."denominacion"] usando mapping del tipo "org.datanucleus.store.rdbms.mapping.java.StringMapping" (org.datanucleus.store.rdbms.mapping.datastore.VarCharRDBMSMapping)
2021-05-03 18:04:17.034 La columna ""secco"."Equipo"."horasProximoMantenimiento"" añadió a la representación de la table.
2021-05-03 18:04:17.035 Campo [domainapp.dom.impl.Equipo.horasProximoMantenimiento] -> Columnas ["secco"."Equipo"."horasProximoMantenimiento"] usando mapping del tipo "org.datanucleus.store.rdbms.mapping.java.DoubleMapping" (org.datanucleus.store.rdbms.mapping.datastore.DoubleRDBMSMapping)
2021-05-03 18:04:17.036 La columna ""secco"."Equipo"."horometro"" añadió a la representación de la table.
2021-05-03 18:04:17.036 Campo [domainapp.dom.impl.Equipo.horometro] -> Columnas ["secco"."Equipo"."horometro"] usando mapping del tipo "org.datanucleus.store.rdbms.mapping.java.DoubleMapping" (org.datanucleus.store.rdbms.mapping.datastore.DoubleRDBMSMapping)
2021-05-03 18:04:17.037 La columna ""secco"."Equipo"."modelo"" añadió a la representación de la table.
2021-05-03 18:04:17.037 Campo [domainapp.dom.impl.Equipo.modelo] -> Columnas ["secco"."Equipo"."modelo"] usando mapping del tipo "org.datanucleus.store.rdbms.mapping.java.StringMapping" (org.datanucleus.store.rdbms.mapping.datastore.VarCharRDBMSMapping)
2021-05-03 18:04:17.038 La columna ""secco"."Equipo"."notes"" añadió a la representación de la table.
2021-05-03 18:04:17.038 Campo [domainapp.dom.impl.Equipo.notes] -> Columnas ["secco"."Equipo"."notes"] usando mapping del tipo "org.datanucleus.store.rdbms.mapping.java.StringMapping" (org.datanucleus.store.rdbms.mapping.datastore.VarCharRDBMSMapping)
2021-05-03 18:04:17.039 La columna ""secco"."Equipo"."version"" añadió a la representación de la table.
2021-05-03 18:04:17.040 Campo [VERSION] -> Columnas ["secco"."Equipo"."version"] usando mapping del tipo "org.datanucleus.store.rdbms.mapping.java.VersionTimestampMapping" (org.datanucleus.store.rdbms.mapping.datastore.TimestampRDBMSMapping)
2021-05-03 18:04:17.040 Table/View "secco"."Equipo" ha sido inicializado
2021-05-03 18:04:17.042 Empezando transaccion del esquema con conneccion "org.datanucleus.store.rdbms.datasource.dbcp.PoolingDataSource$PoolGuardConnectionWrapper@ea773e0" y isolacion "serializable"
2021-05-03 18:04:17.045 Check of existence of "secco"."Equipo" returned no table
2021-05-03 18:04:17.046 Crear la tabla "secco"."Equipo"
2021-05-03 18:04:17.046 CREATE TABLE "secco"."Equipo"
(
    "id" BIGINT GENERATED BY DEFAULT AS IDENTITY,
    "denominacion" VARCHAR(40) NOT NULL,
    "horasProximoMantenimiento" DOUBLE NOT NULL,
    "horometro" DOUBLE NOT NULL,
    "modelo" VARCHAR(40) NOT NULL,
    "notes" VARCHAR(4000) NULL,
    "version" TIMESTAMP NOT NULL,
    CONSTRAINT "Equipo_PK" PRIMARY KEY ("id")
)
2021-05-03 18:04:17.052 Tiempo de cumplir = 1 ms
2021-05-03 18:04:17.058 Crear la llave unica "Equipo_denominacion_modelo_UNQ" en catalogo "" equema ""secco""
2021-05-03 18:04:17.059 ALTER TABLE "secco"."Equipo" ADD CONSTRAINT "Equipo_denominacion_modelo_UNQ" UNIQUE ("denominacion","modelo")
2021-05-03 18:04:17.061 Tiempo de cumplir = 2 ms
2021-05-03 18:04:17.062 Committing transaccion del esquema "org.datanucleus.store.rdbms.datasource.dbcp.PoolingDataSource$PoolGuardConnectionWrapper@ea773e0"
2021-05-03 18:04:17.062 Cerrando la conneccion de la transaccion del esquema "org.datanucleus.store.rdbms.datasource.dbcp.PoolingDataSource$PoolGuardConnectionWrapper@ea773e0"
