2021-05-06 17:00:41.574 SELECT 'domainapp.dom.impl.Equipo' AS "NUCLEUS_TYPE","A0"."denominacion","A0"."horometro","A0"."notes","A0"."porcentajeDisponibilidad","A0"."presionAceite","A0"."rpm","A0"."id","A0"."version" FROM "secco"."Equipo" "A0"
2021-05-06 17:00:41.607 INSERT INTO "secco"."Equipo" ("denominacion","horometro","notes","porcentajeDisponibilidad","presionAceite","rpm","version") VALUES (<'E001'>,<0.0>,<null>,<0.0>,<40.0>,<2200.0>,<2021-05-06 17:00:41.606>)
2021-05-06 17:00:41.696 INSERT INTO "secco"."Equipo" ("denominacion","horometro","notes","porcentajeDisponibilidad","presionAceite","rpm","version") VALUES (<'E003'>,<24.0>,<null>,<0.0>,<35.0>,<2500.0>,<2021-05-06 17:00:41.696>)
2021-05-06 17:00:41.699 INSERT INTO "secco"."Equipo" ("denominacion","horometro","notes","porcentajeDisponibilidad","presionAceite","rpm","version") VALUES (<'E002'>,<48.0>,<null>,<0.0>,<38.0>,<2350.0>,<2021-05-06 17:00:41.699>)
2021-05-06 17:00:42.523 SELECT "A0"."denominacion","A0"."horometro","A0"."notes","A0"."porcentajeDisponibilidad","A0"."presionAceite","A0"."rpm","A0"."version" FROM "secco"."Equipo" "A0" WHERE "A0"."id" = <0>
2021-05-06 17:00:42.528 SELECT "A0"."denominacion","A0"."horometro","A0"."notes","A0"."porcentajeDisponibilidad","A0"."presionAceite","A0"."rpm","A0"."version" FROM "secco"."Equipo" "A0" WHERE "A0"."id" = <0>
2021-05-06 17:00:42.533 SELECT "A0"."denominacion","A0"."horometro","A0"."notes","A0"."porcentajeDisponibilidad","A0"."presionAceite","A0"."rpm","A0"."version" FROM "secco"."Equipo" "A0" WHERE "A0"."id" = <1>
2021-05-06 17:00:42.535 SELECT "A0"."denominacion","A0"."horometro","A0"."notes","A0"."porcentajeDisponibilidad","A0"."presionAceite","A0"."rpm","A0"."version" FROM "secco"."Equipo" "A0" WHERE "A0"."id" = <1>
2021-05-06 17:00:42.539 SELECT "A0"."denominacion","A0"."horometro","A0"."notes","A0"."porcentajeDisponibilidad","A0"."presionAceite","A0"."rpm","A0"."version" FROM "secco"."Equipo" "A0" WHERE "A0"."id" = <2>
2021-05-06 17:00:42.540 SELECT "A0"."denominacion","A0"."horometro","A0"."notes","A0"."porcentajeDisponibilidad","A0"."presionAceite","A0"."rpm","A0"."version" FROM "secco"."Equipo" "A0" WHERE "A0"."id" = <2>
2021-05-06 17:01:04.902 SELECT 'domainapp.dom.impl.Equipo' AS "NUCLEUS_TYPE","A0"."denominacion","A0"."horometro","A0"."notes","A0"."porcentajeDisponibilidad","A0"."presionAceite","A0"."rpm","A0"."id","A0"."version" FROM "secco"."Equipo" "A0" WHERE (LOCATE(<'eq'>,"A0"."denominacion") - 1) <> -1
2021-05-06 17:01:14.517 SELECT 'domainapp.dom.impl.Equipo' AS "NUCLEUS_TYPE","A0"."denominacion","A0"."horometro","A0"."notes","A0"."porcentajeDisponibilidad","A0"."presionAceite","A0"."rpm","A0"."id","A0"."version" FROM "secco"."Equipo" "A0" WHERE (LOCATE(<'EQ002'>,"A0"."denominacion") - 1) <> -1
2021-05-06 17:01:22.415 SELECT 'domainapp.dom.impl.Equipo' AS "NUCLEUS_TYPE","A0"."denominacion","A0"."horometro","A0"."notes","A0"."porcentajeDisponibilidad","A0"."presionAceite","A0"."rpm","A0"."id","A0"."version" FROM "secco"."Equipo" "A0"
2021-05-06 17:01:22.477 SELECT "A0"."denominacion","A0"."horometro","A0"."notes","A0"."porcentajeDisponibilidad","A0"."presionAceite","A0"."rpm","A0"."version" FROM "secco"."Equipo" "A0" WHERE "A0"."id" = <0>
2021-05-06 17:01:22.479 SELECT "A0"."denominacion","A0"."horometro","A0"."notes","A0"."porcentajeDisponibilidad","A0"."presionAceite","A0"."rpm","A0"."version" FROM "secco"."Equipo" "A0" WHERE "A0"."id" = <1>
2021-05-06 17:01:22.481 SELECT "A0"."denominacion","A0"."horometro","A0"."notes","A0"."porcentajeDisponibilidad","A0"."presionAceite","A0"."rpm","A0"."version" FROM "secco"."Equipo" "A0" WHERE "A0"."id" = <2>
2021-05-06 17:01:22.496 SELECT "B0"."id","B0"."tag","B0"."temperaturaAceite","B0"."temperaturaAgua","B0"."id","B0"."version","A0"."version" FROM "secco"."Equipo" "A0" LEFT OUTER JOIN "motors"."Motor" "B0" ON "A0"."id" = "B0"."equipoId" WHERE "A0"."id" = <0>
2021-05-06 17:01:22.647 SELECT "B0"."id","B0"."tag","B0"."temperaturaAceite","B0"."temperaturaAgua","B0"."id","B0"."version","A0"."version" FROM "secco"."Equipo" "A0" LEFT OUTER JOIN "motors"."Motor" "B0" ON "A0"."id" = "B0"."equipoId" WHERE "A0"."id" = <1>
2021-05-06 17:01:22.669 SELECT "B0"."id","B0"."tag","B0"."temperaturaAceite","B0"."temperaturaAgua","B0"."id","B0"."version","A0"."version" FROM "secco"."Equipo" "A0" LEFT OUTER JOIN "motors"."Motor" "B0" ON "A0"."id" = "B0"."equipoId" WHERE "A0"."id" = <2>
2021-05-06 17:02:07.481 INSERT INTO "secco"."Equipo" ("denominacion","horometro","notes","porcentajeDisponibilidad","presionAceite","rpm","version") VALUES (<'EQ004'>,<72.0>,<null>,<0.0>,<39.0>,<2400.0>,<2021-05-06 17:02:07.481>)
2021-05-06 17:02:07.882 SELECT "A0"."denominacion","A0"."horometro","A0"."notes","A0"."porcentajeDisponibilidad","A0"."presionAceite","A0"."rpm","A0"."version" FROM "secco"."Equipo" "A0" WHERE "A0"."id" = <3>
2021-05-06 17:02:23.746 SELECT "A0"."denominacion","A0"."horometro","A0"."notes","A0"."porcentajeDisponibilidad","A0"."presionAceite","A0"."rpm","A0"."version" FROM "secco"."Equipo" "A0" WHERE "A0"."id" = <3>
2021-05-06 17:02:27.489 SELECT "A0"."denominacion","A0"."horometro","A0"."notes","A0"."porcentajeDisponibilidad","A0"."presionAceite","A0"."rpm","A0"."version" FROM "secco"."Equipo" "A0" WHERE "A0"."id" = <3>
2021-05-06 17:02:30.993 SELECT "A0"."denominacion","A0"."horometro","A0"."notes","A0"."porcentajeDisponibilidad","A0"."presionAceite","A0"."rpm","A0"."version" FROM "secco"."Equipo" "A0" WHERE "A0"."id" = <3>
2021-05-06 17:02:31.628 SELECT "A0"."denominacion","A0"."horometro","A0"."notes","A0"."porcentajeDisponibilidad","A0"."presionAceite","A0"."rpm","A0"."version" FROM "secco"."Equipo" "A0" WHERE "A0"."id" = <3>
2021-05-06 17:02:31.636 INSERT INTO "motors"."Motor" ("equipoId","tag","temperaturaAceite","temperaturaAgua","version") VALUES (<3>,<'M546'>,<0.0>,<0.0>,<2021-05-06 17:02:31.636>)
2021-05-06 17:02:31.825 SELECT "A0"."tag","A0"."temperaturaAceite","A0"."temperaturaAgua","A0"."version" FROM "motors"."Motor" "A0" WHERE "A0"."id" = <0>
2021-05-06 17:02:31.834 SELECT "A0"."denominacion","A0"."horometro","A0"."notes","A0"."porcentajeDisponibilidad","A0"."presionAceite","A0"."rpm","A0"."version" FROM "secco"."Equipo" "A0" WHERE "A0"."id" = <3>
2021-05-06 17:02:31.846 SELECT "B0"."denominacion","B0"."horometro","B0"."notes","B0"."porcentajeDisponibilidad","B0"."presionAceite","B0"."rpm","B0"."id","B0"."version","A0"."version" FROM "motors"."Motor" "A0" INNER JOIN "secco"."Equipo" "B0" ON "A0"."equipoId" = "B0"."id" WHERE "A0"."id" = <0>
2021-05-06 17:02:34.504 SELECT "A0"."tag","A0"."temperaturaAceite","A0"."temperaturaAgua","A0"."version" FROM "motors"."Motor" "A0" WHERE "A0"."id" = <0>
2021-05-06 17:02:37.454 SELECT "A0"."tag","A0"."temperaturaAceite","A0"."temperaturaAgua","A0"."version" FROM "motors"."Motor" "A0" WHERE "A0"."id" = <0>
2021-05-06 17:02:37.989 SELECT "A0"."tag","A0"."temperaturaAceite","A0"."temperaturaAgua","A0"."version" FROM "motors"."Motor" "A0" WHERE "A0"."id" = <0>
2021-05-06 17:02:37.993 SELECT "B0"."denominacion","B0"."horometro","B0"."notes","B0"."porcentajeDisponibilidad","B0"."presionAceite","B0"."rpm","B0"."id","B0"."version","A0"."version" FROM "motors"."Motor" "A0" INNER JOIN "secco"."Equipo" "B0" ON "A0"."equipoId" = "B0"."id" WHERE "A0"."id" = <0>
2021-05-06 17:02:37.998 UPDATE "motors"."Motor" SET "temperaturaAceite"=<40.0>, "version"=<2021-05-06 17:02:37.998> WHERE "id"=<0>
2021-05-06 17:02:38.671 SELECT "A0"."tag","A0"."temperaturaAceite","A0"."temperaturaAgua","A0"."version" FROM "motors"."Motor" "A0" WHERE "A0"."id" = <0>
2021-05-06 17:02:41.110 SELECT "A0"."tag","A0"."temperaturaAceite","A0"."temperaturaAgua","A0"."version" FROM "motors"."Motor" "A0" WHERE "A0"."id" = <0>
2021-05-06 17:02:41.188 SELECT "A0"."tag","A0"."temperaturaAceite","A0"."temperaturaAgua","A0"."version" FROM "motors"."Motor" "A0" WHERE "A0"."id" = <0>
2021-05-06 17:02:41.191 SELECT "B0"."denominacion","B0"."horometro","B0"."notes","B0"."porcentajeDisponibilidad","B0"."presionAceite","B0"."rpm","B0"."id","B0"."version","A0"."version" FROM "motors"."Motor" "A0" INNER JOIN "secco"."Equipo" "B0" ON "A0"."equipoId" = "B0"."id" WHERE "A0"."id" = <0>
2021-05-06 17:02:41.193 UPDATE "motors"."Motor" SET "temperaturaAgua"=<30.0>, "version"=<2021-05-06 17:02:41.192> WHERE "id"=<0>
2021-05-06 17:02:43.973 SELECT 'domainapp.dom.impl.Equipo' AS "NUCLEUS_TYPE","A0"."denominacion","A0"."horometro","A0"."notes","A0"."porcentajeDisponibilidad","A0"."presionAceite","A0"."rpm","A0"."id","A0"."version" FROM "secco"."Equipo" "A0"
2021-05-06 17:02:44.022 SELECT "A0"."denominacion","A0"."horometro","A0"."notes","A0"."porcentajeDisponibilidad","A0"."presionAceite","A0"."rpm","A0"."version" FROM "secco"."Equipo" "A0" WHERE "A0"."id" = <0>
2021-05-06 17:02:44.024 SELECT "A0"."denominacion","A0"."horometro","A0"."notes","A0"."porcentajeDisponibilidad","A0"."presionAceite","A0"."rpm","A0"."version" FROM "secco"."Equipo" "A0" WHERE "A0"."id" = <1>
2021-05-06 17:02:44.026 SELECT "A0"."denominacion","A0"."horometro","A0"."notes","A0"."porcentajeDisponibilidad","A0"."presionAceite","A0"."rpm","A0"."version" FROM "secco"."Equipo" "A0" WHERE "A0"."id" = <2>
2021-05-06 17:02:44.028 SELECT "A0"."denominacion","A0"."horometro","A0"."notes","A0"."porcentajeDisponibilidad","A0"."presionAceite","A0"."rpm","A0"."version" FROM "secco"."Equipo" "A0" WHERE "A0"."id" = <3>
2021-05-06 17:02:44.035 SELECT "B0"."id","B0"."tag","B0"."temperaturaAceite","B0"."temperaturaAgua","B0"."id","B0"."version","A0"."version" FROM "secco"."Equipo" "A0" LEFT OUTER JOIN "motors"."Motor" "B0" ON "A0"."id" = "B0"."equipoId" WHERE "A0"."id" = <0>
2021-05-06 17:02:44.053 SELECT "B0"."id","B0"."tag","B0"."temperaturaAceite","B0"."temperaturaAgua","B0"."id","B0"."version","A0"."version" FROM "secco"."Equipo" "A0" LEFT OUTER JOIN "motors"."Motor" "B0" ON "A0"."id" = "B0"."equipoId" WHERE "A0"."id" = <1>
2021-05-06 17:02:44.066 SELECT "B0"."id","B0"."tag","B0"."temperaturaAceite","B0"."temperaturaAgua","B0"."id","B0"."version","A0"."version" FROM "secco"."Equipo" "A0" LEFT OUTER JOIN "motors"."Motor" "B0" ON "A0"."id" = "B0"."equipoId" WHERE "A0"."id" = <2>
2021-05-06 17:02:44.075 SELECT "B0"."id","B0"."tag","B0"."temperaturaAceite","B0"."temperaturaAgua","B0"."id","B0"."version","A0"."version" FROM "secco"."Equipo" "A0" LEFT OUTER JOIN "motors"."Motor" "B0" ON "A0"."id" = "B0"."equipoId" WHERE "A0"."id" = <3>
2021-05-06 17:02:44.086 SELECT "B0"."denominacion","B0"."horometro","B0"."notes","B0"."porcentajeDisponibilidad","B0"."presionAceite","B0"."rpm","B0"."id","B0"."version","A0"."version" FROM "motors"."Motor" "A0" INNER JOIN "secco"."Equipo" "B0" ON "A0"."equipoId" = "B0"."id" WHERE "A0"."id" = <0>
2021-05-06 17:03:08.454 SELECT 'domainapp.dom.impl.Equipo' AS "NUCLEUS_TYPE","A0"."denominacion","A0"."horometro","A0"."notes","A0"."porcentajeDisponibilidad","A0"."presionAceite","A0"."rpm","A0"."id","A0"."version" FROM "secco"."Equipo" "A0" WHERE (LOCATE(<'e00'>,"A0"."denominacion") - 1) <> -1
2021-05-06 17:03:14.399 SELECT 'domainapp.dom.impl.Equipo' AS "NUCLEUS_TYPE","A0"."denominacion","A0"."horometro","A0"."notes","A0"."porcentajeDisponibilidad","A0"."presionAceite","A0"."rpm","A0"."id","A0"."version" FROM "secco"."Equipo" "A0" WHERE (LOCATE(<'e001'>,"A0"."denominacion") - 1) <> -1
2021-05-06 17:03:24.244 SELECT 'domainapp.dom.impl.Equipo' AS "NUCLEUS_TYPE","A0"."denominacion","A0"."horometro","A0"."notes","A0"."porcentajeDisponibilidad","A0"."presionAceite","A0"."rpm","A0"."id","A0"."version" FROM "secco"."Equipo" "A0" WHERE (LOCATE(<'E001'>,"A0"."denominacion") - 1) <> -1
2021-05-06 17:03:24.255 SELECT "B0"."id","B0"."tag","B0"."temperaturaAceite","B0"."temperaturaAgua","B0"."id","B0"."version","A0"."version" FROM "secco"."Equipo" "A0" LEFT OUTER JOIN "motors"."Motor" "B0" ON "A0"."id" = "B0"."equipoId" WHERE "A0"."id" = <0>
2021-05-06 17:03:24.307 SELECT "A0"."denominacion","A0"."horometro","A0"."notes","A0"."porcentajeDisponibilidad","A0"."presionAceite","A0"."rpm","A0"."version" FROM "secco"."Equipo" "A0" WHERE "A0"."id" = <0>
