2021-05-03 14:22:45.620 START: workQueue.size: 0, waited for: 0ms, SpecificationLoader#init()
2021-05-03 14:22:45.621 START: workQueue.size: 0, waited for: 1ms, CommandDtoUtils.init()
2021-05-03 14:22:45.621 START: workQueue.size: 0, waited for: 1ms, InteractionDtoUtils.init()
2021-05-03 14:22:45.621 START: workQueue.size: 0, waited for: 1ms, ChangesDtoUtils.init()
2021-05-03 14:22:45.620 START: workQueue.size: 0, waited for: 0ms, persistenceSessionFactory#init(...)
2021-05-03 14:22:45.718 START: workQueue.size: 0, waited for: 0ms, org.apache.isis.core.metamodel.specloader.SpecificationLoader: #introspectUpTo( TYPE_INTROSPECTED )
2021-05-03 14:22:45.718 START: workQueue.size: 0, waited for: 0ms, org.apache.isis.core.runtime.system.session.IsisSessionFactory: #introspectUpTo( TYPE_INTROSPECTED )
2021-05-03 14:22:45.718 START: workQueue.size: 0, waited for: 0ms, org.apache.isis.core.runtime.system.persistence.PersistenceSessionFactory: #introspectUpTo( TYPE_INTROSPECTED )
2021-05-03 14:22:45.809 END: completed in: 90ms, org.apache.isis.core.metamodel.specloader.SpecificationLoader: #introspectUpTo( TYPE_INTROSPECTED )
2021-05-03 14:22:45.809 START: workQueue.size: 0, waited for: 91ms, org.apache.isis.core.runtime.authorization.standard.AuthorizationManagerStandard: #introspectUpTo( TYPE_INTROSPECTED )
2021-05-03 14:22:45.809 END: completed in: 91ms, org.apache.isis.core.runtime.system.persistence.PersistenceSessionFactory: #introspectUpTo( TYPE_INTROSPECTED )
2021-05-03 14:22:45.809 START: workQueue.size: 0, waited for: 91ms, org.apache.isis.core.runtime.authentication.standard.AuthenticationManagerStandard: #introspectUpTo( TYPE_INTROSPECTED )
2021-05-03 14:22:45.812 END: completed in: 94ms, org.apache.isis.core.runtime.system.session.IsisSessionFactory: #introspectUpTo( TYPE_INTROSPECTED )
2021-05-03 14:22:45.812 START: workQueue.size: 0, waited for: 94ms, org.apache.isis.core.commons.config.IsisConfigurationDefault: #introspectUpTo( TYPE_INTROSPECTED )
2021-05-03 14:22:45.826 END: completed in: 17ms, org.apache.isis.core.runtime.authorization.standard.AuthorizationManagerStandard: #introspectUpTo( TYPE_INTROSPECTED )
2021-05-03 14:22:45.826 START: workQueue.size: 0, waited for: 108ms, org.apache.isis.core.runtime.services.deplcat.DeploymentCategoryProviderDefault: #introspectUpTo( TYPE_INTROSPECTED )
2021-05-03 14:22:45.838 END: completed in: 26ms, org.apache.isis.core.commons.config.IsisConfigurationDefault: #introspectUpTo( TYPE_INTROSPECTED )
2021-05-03 14:22:45.838 START: workQueue.size: 0, waited for: 120ms, org.apache.isis.objectstore.jdo.datanucleus.service.eventbus.EventBusServiceJdo: #introspectUpTo( TYPE_INTROSPECTED )
2021-05-03 14:22:45.840 END: completed in: 31ms, org.apache.isis.core.runtime.authentication.standard.AuthenticationManagerStandard: #introspectUpTo( TYPE_INTROSPECTED )
2021-05-03 14:22:45.840 START: workQueue.size: 0, waited for: 122ms, org.apache.isis.applib.services.queryresultscache.QueryResultsCache$Control: #introspectUpTo( TYPE_INTROSPECTED )
2021-05-03 14:22:45.841 END: completed in: 15ms, org.apache.isis.core.runtime.services.deplcat.DeploymentCategoryProviderDefault: #introspectUpTo( TYPE_INTROSPECTED )
2021-05-03 14:22:45.841 START: workQueue.size: 0, waited for: 123ms, org.apache.isis.applib.services.fixturespec.FixtureScriptsDefault: #introspectUpTo( TYPE_INTROSPECTED )
2021-05-03 14:22:45.864 END: completed in: 26ms, org.apache.isis.objectstore.jdo.datanucleus.service.eventbus.EventBusServiceJdo: #introspectUpTo( TYPE_INTROSPECTED )
2021-05-03 14:22:45.865 START: workQueue.size: 0, waited for: 146ms, org.apache.isis.applib.services.layout.LayoutServiceMenu: #introspectUpTo( TYPE_INTROSPECTED )
2021-05-03 14:22:45.866 END: completed in: 25ms, org.apache.isis.applib.services.queryresultscache.QueryResultsCache$Control: #introspectUpTo( TYPE_INTROSPECTED )
2021-05-03 14:22:45.866 START: workQueue.size: 0, waited for: 148ms, org.apache.isis.applib.services.metamodel.MetaModelServicesMenu: #introspectUpTo( TYPE_INTROSPECTED )
2021-05-03 14:22:45.887 END: completed in: 23ms, org.apache.isis.applib.services.layout.LayoutServiceMenu: #introspectUpTo( TYPE_INTROSPECTED )
2021-05-03 14:22:45.888 START: workQueue.size: 0, waited for: 170ms, org.apache.isis.applib.services.swagger.SwaggerServiceMenu: #introspectUpTo( TYPE_INTROSPECTED )
2021-05-03 14:22:45.887 END: completed in: 21ms, org.apache.isis.applib.services.metamodel.MetaModelServicesMenu: #introspectUpTo( TYPE_INTROSPECTED )
2021-05-03 14:22:45.888 START: workQueue.size: 0, waited for: 170ms, org.apache.isis.core.runtime.services.i18n.po.TranslationServicePoMenu: #introspectUpTo( TYPE_INTROSPECTED )
2021-05-03 14:22:45.895 END: completed in: 7ms, org.apache.isis.applib.services.swagger.SwaggerServiceMenu: #introspectUpTo( TYPE_INTROSPECTED )
2021-05-03 14:22:45.895 START: workQueue.size: 0, waited for: 177ms, org.apache.isis.applib.services.hsqldb.HsqlDbManagerMenu: #introspectUpTo( TYPE_INTROSPECTED )
2021-05-03 14:22:45.899 END: completed in: 11ms, org.apache.isis.core.runtime.services.i18n.po.TranslationServicePoMenu: #introspectUpTo( TYPE_INTROSPECTED )
2021-05-03 14:22:45.899 START: workQueue.size: 0, waited for: 181ms, org.apache.isis.applib.services.config.ConfigurationServiceMenu: #introspectUpTo( TYPE_INTROSPECTED )
2021-05-03 14:22:45.904 END: completed in: 62ms, org.apache.isis.applib.services.fixturespec.FixtureScriptsDefault: #introspectUpTo( TYPE_INTROSPECTED )
2021-05-03 14:22:45.904 START: workQueue.size: 0, waited for: 186ms, org.apache.isis.applib.conmap.ContentMappingServiceForCommandDto$CopyOverFromCommand: #introspectUpTo( TYPE_INTROSPECTED )
2021-05-03 14:22:45.904 END: completed in: 9ms, org.apache.isis.applib.services.hsqldb.HsqlDbManagerMenu: #introspectUpTo( TYPE_INTROSPECTED )
2021-05-03 14:22:45.904 START: workQueue.size: 0, waited for: 186ms, domainapp.dom.impl.Equipos: #introspectUpTo( TYPE_INTROSPECTED )
2021-05-03 14:22:45.906 END: completed in: 7ms, org.apache.isis.applib.services.config.ConfigurationServiceMenu: #introspectUpTo( TYPE_INTROSPECTED )
2021-05-03 14:22:45.906 START: workQueue.size: 0, waited for: 188ms, org.apache.isis.applib.services.dto.DtoMappingHelper: #introspectUpTo( TYPE_INTROSPECTED )
2021-05-03 14:22:45.908 END: completed in: 4ms, domainapp.dom.impl.Equipos: #introspectUpTo( TYPE_INTROSPECTED )
2021-05-03 14:22:45.908 END: completed in: 4ms, org.apache.isis.applib.conmap.ContentMappingServiceForCommandDto$CopyOverFromCommand: #introspectUpTo( TYPE_INTROSPECTED )
2021-05-03 14:22:45.909 START: workQueue.size: 0, waited for: 190ms, org.apache.isis.core.runtime.services.background.CommandExecutorServiceDefault: #introspectUpTo( TYPE_INTROSPECTED )
2021-05-03 14:22:45.909 START: workQueue.size: 0, waited for: 191ms, org.apache.isis.core.runtime.services.menubars.MenuBarsLoaderServiceDefault: #introspectUpTo( TYPE_INTROSPECTED )
2021-05-03 14:22:45.910 END: completed in: 4ms, org.apache.isis.applib.services.dto.DtoMappingHelper: #introspectUpTo( TYPE_INTROSPECTED )
2021-05-03 14:22:45.911 START: workQueue.size: 0, waited for: 193ms, org.apache.isis.core.runtime.services.menubars.bootstrap3.MenuBarsServiceBS3: #introspectUpTo( TYPE_INTROSPECTED )
2021-05-03 14:22:45.912 END: completed in: 3ms, org.apache.isis.core.runtime.services.menubars.MenuBarsLoaderServiceDefault: #introspectUpTo( TYPE_INTROSPECTED )
2021-05-03 14:22:45.913 START: workQueue.size: 0, waited for: 195ms, org.apache.isis.core.runtime.services.userprof.UserProfileServiceDefault: #introspectUpTo( TYPE_INTROSPECTED )
2021-05-03 14:22:45.914 END: completed in: 6ms, org.apache.isis.core.runtime.services.background.CommandExecutorServiceDefault: #introspectUpTo( TYPE_INTROSPECTED )
2021-05-03 14:22:45.916 START: workQueue.size: 0, waited for: 196ms, org.apache.isis.viewer.restfulobjects.rendering.service.conneg.ContentNegotiationServiceXRoDomainType: #introspectUpTo( TYPE_INTROSPECTED )
2021-05-03 14:22:45.918 END: completed in: 7ms, org.apache.isis.core.runtime.services.menubars.bootstrap3.MenuBarsServiceBS3: #introspectUpTo( TYPE_INTROSPECTED )
2021-05-03 14:22:45.918 START: workQueue.size: 0, waited for: 200ms, org.apache.isis.viewer.restfulobjects.rendering.service.conneg.ContentNegotiationServiceOrgApacheIsisV1: #introspectUpTo( TYPE_INTROSPECTED )
2021-05-03 14:22:45.919 END: completed in: 6ms, org.apache.isis.core.runtime.services.userprof.UserProfileServiceDefault: #introspectUpTo( TYPE_INTROSPECTED )
2021-05-03 14:22:45.920 START: workQueue.size: 0, waited for: 202ms, org.apache.isis.core.runtime.services.message.MessageServiceDefault: #introspectUpTo( TYPE_INTROSPECTED )
2021-05-03 14:22:45.921 END: completed in: 7ms, org.apache.isis.viewer.restfulobjects.rendering.service.conneg.ContentNegotiationServiceXRoDomainType: #introspectUpTo( TYPE_INTROSPECTED )
2021-05-03 14:22:45.921 START: workQueue.size: 0, waited for: 203ms, org.apache.isis.core.runtime.services.persistsession.PersistenceSessionServiceInternalDefault: #introspectUpTo( TYPE_INTROSPECTED )
2021-05-03 14:22:45.926 END: completed in: 8ms, org.apache.isis.viewer.restfulobjects.rendering.service.conneg.ContentNegotiationServiceOrgApacheIsisV1: #introspectUpTo( TYPE_INTROSPECTED )
2021-05-03 14:22:45.927 START: workQueue.size: 0, waited for: 209ms, org.apache.isis.applib.annotation.Bulk$InteractionContext: #introspectUpTo( TYPE_INTROSPECTED )
2021-05-03 14:22:45.927 END: completed in: 7ms, org.apache.isis.core.runtime.services.message.MessageServiceDefault: #introspectUpTo( TYPE_INTROSPECTED )
2021-05-03 14:22:45.927 START: workQueue.size: 0, waited for: 209ms, org.apache.isis.applib.conmap.ContentMappingServiceForCommandDto: #introspectUpTo( TYPE_INTROSPECTED )
2021-05-03 14:22:45.930 END: completed in: 9ms, org.apache.isis.core.runtime.services.persistsession.PersistenceSessionServiceInternalDefault: #introspectUpTo( TYPE_INTROSPECTED )
2021-05-03 14:22:45.930 START: workQueue.size: 0, waited for: 212ms, org.apache.isis.applib.conmap.ContentMappingServiceForCommandsDto: #introspectUpTo( TYPE_INTROSPECTED )
2021-05-03 14:22:45.934 END: completed in: 6ms, org.apache.isis.applib.annotation.Bulk$InteractionContext: #introspectUpTo( TYPE_INTROSPECTED )
2021-05-03 14:22:45.934 START: workQueue.size: 0, waited for: 216ms, org.apache.isis.applib.fixturescripts.ExecutionParametersService: #introspectUpTo( TYPE_INTROSPECTED )
2021-05-03 14:22:45.934 END: completed in: 7ms, org.apache.isis.applib.conmap.ContentMappingServiceForCommandDto: #introspectUpTo( TYPE_INTROSPECTED )
2021-05-03 14:22:45.934 START: workQueue.size: 0, waited for: 216ms, org.apache.isis.applib.services.actinvoc.ActionInvocationContext: #introspectUpTo( TYPE_INTROSPECTED )
2021-05-03 14:22:45.936 END: completed in: 6ms, org.apache.isis.applib.conmap.ContentMappingServiceForCommandsDto: #introspectUpTo( TYPE_INTROSPECTED )
2021-05-03 14:22:45.937 START: workQueue.size: 0, waited for: 218ms, org.apache.isis.applib.services.audit.AuditerServiceLogging: #introspectUpTo( TYPE_INTROSPECTED )
2021-05-03 14:22:45.939 END: completed in: 5ms, org.apache.isis.applib.fixturescripts.ExecutionParametersService: #introspectUpTo( TYPE_INTROSPECTED )
2021-05-03 14:22:45.939 START: workQueue.size: 0, waited for: 221ms, org.apache.isis.applib.services.classdiscovery.ClassDiscoveryServiceUsingReflections: #introspectUpTo( TYPE_INTROSPECTED )
2021-05-03 14:22:45.940 END: completed in: 4ms, org.apache.isis.applib.services.audit.AuditerServiceLogging: #introspectUpTo( TYPE_INTROSPECTED )
2021-05-03 14:22:45.940 START: workQueue.size: 0, waited for: 222ms, org.apache.isis.applib.services.clock.ClockService: #introspectUpTo( TYPE_INTROSPECTED )
2021-05-03 14:22:45.940 END: completed in: 6ms, org.apache.isis.applib.services.actinvoc.ActionInvocationContext: #introspectUpTo( TYPE_INTROSPECTED )
2021-05-03 14:22:45.941 START: workQueue.size: 0, waited for: 223ms, org.apache.isis.applib.services.command.CommandContext: #introspectUpTo( TYPE_INTROSPECTED )
2021-05-03 14:22:45.943 END: completed in: 4ms, org.apache.isis.applib.services.classdiscovery.ClassDiscoveryServiceUsingReflections: #introspectUpTo( TYPE_INTROSPECTED )
2021-05-03 14:22:45.943 START: workQueue.size: 0, waited for: 225ms, org.apache.isis.applib.services.iactn.InteractionContext: #introspectUpTo( TYPE_INTROSPECTED )
2021-05-03 14:22:45.944 END: completed in: 4ms, org.apache.isis.applib.services.clock.ClockService: #introspectUpTo( TYPE_INTROSPECTED )
2021-05-03 14:22:45.944 START: workQueue.size: 0, waited for: 226ms, org.apache.isis.applib.services.publish.PublisherServiceLogging: #introspectUpTo( TYPE_INTROSPECTED )
2021-05-03 14:22:45.945 END: completed in: 4ms, org.apache.isis.applib.services.command.CommandContext: #introspectUpTo( TYPE_INTROSPECTED )
2021-05-03 14:22:45.945 START: workQueue.size: 0, waited for: 227ms, org.apache.isis.applib.services.queryresultscache.QueryResultsCache: #introspectUpTo( TYPE_INTROSPECTED )
2021-05-03 14:22:45.947 END: completed in: 4ms, org.apache.isis.applib.services.iactn.InteractionContext: #introspectUpTo( TYPE_INTROSPECTED )
2021-05-03 14:22:45.947 START: workQueue.size: 0, waited for: 229ms, org.apache.isis.applib.services.routing.RoutingServiceDefault: #introspectUpTo( TYPE_INTROSPECTED )
2021-05-03 14:22:45.949 END: completed in: 5ms, org.apache.isis.applib.services.publish.PublisherServiceLogging: #introspectUpTo( TYPE_INTROSPECTED )
2021-05-03 14:22:45.949 START: workQueue.size: 0, waited for: 231ms, org.apache.isis.applib.services.scratchpad.Scratchpad: #introspectUpTo( TYPE_INTROSPECTED )
2021-05-03 14:22:45.949 END: completed in: 4ms, org.apache.isis.applib.services.queryresultscache.QueryResultsCache: #introspectUpTo( TYPE_INTROSPECTED )
2021-05-03 14:22:45.949 START: workQueue.size: 0, waited for: 231ms, org.apache.isis.applib.services.tablecol.TableColumnOrderService$Default: #introspectUpTo( TYPE_INTROSPECTED )
2021-05-03 14:22:45.953 END: completed in: 6ms, org.apache.isis.applib.services.routing.RoutingServiceDefault: #introspectUpTo( TYPE_INTROSPECTED )
2021-05-03 14:22:45.953 END: completed in: 4ms, org.apache.isis.applib.services.scratchpad.Scratchpad: #introspectUpTo( TYPE_INTROSPECTED )
2021-05-03 14:22:45.954 START: workQueue.size: 0, waited for: 236ms, org.apache.isis.applib.services.urlencoding.UrlEncodingServiceUsingBaseEncoding: #introspectUpTo( TYPE_INTROSPECTED )
2021-05-03 14:22:45.954 START: workQueue.size: 0, waited for: 236ms, org.apache.isis.core.metamodel.services.appfeat.ApplicationFeatureFactory: #introspectUpTo( TYPE_INTROSPECTED )
2021-05-03 14:22:45.954 END: completed in: 5ms, org.apache.isis.applib.services.tablecol.TableColumnOrderService$Default: #introspectUpTo( TYPE_INTROSPECTED )
2021-05-03 14:22:45.954 START: workQueue.size: 0, waited for: 236ms, org.apache.isis.core.metamodel.services.appfeat.ApplicationFeatureRepositoryDefault: #introspectUpTo( TYPE_INTROSPECTED )
2021-05-03 14:22:45.957 END: completed in: 3ms, org.apache.isis.applib.services.urlencoding.UrlEncodingServiceUsingBaseEncoding: #introspectUpTo( TYPE_INTROSPECTED )
2021-05-03 14:22:45.957 START: workQueue.size: 0, waited for: 239ms, org.apache.isis.core.metamodel.services.bookmarks.BookmarkServiceInternalDefault: #introspectUpTo( TYPE_INTROSPECTED )
2021-05-03 14:22:45.957 END: completed in: 3ms, org.apache.isis.core.metamodel.services.appfeat.ApplicationFeatureFactory: #introspectUpTo( TYPE_INTROSPECTED )
2021-05-03 14:22:45.959 START: workQueue.size: 0, waited for: 241ms, org.apache.isis.core.metamodel.services.config.ConfigurationServiceDefault: #introspectUpTo( TYPE_INTROSPECTED )
2021-05-03 14:22:45.962 END: completed in: 8ms, org.apache.isis.core.metamodel.services.appfeat.ApplicationFeatureRepositoryDefault: #introspectUpTo( TYPE_INTROSPECTED )
2021-05-03 14:22:45.962 START: workQueue.size: 0, waited for: 244ms, org.apache.isis.core.metamodel.services.container.DomainObjectContainerDefault: #introspectUpTo( TYPE_INTROSPECTED )
2021-05-03 14:22:45.963 END: completed in: 5ms, org.apache.isis.core.metamodel.services.bookmarks.BookmarkServiceInternalDefault: #introspectUpTo( TYPE_INTROSPECTED )
2021-05-03 14:22:45.963 START: workQueue.size: 0, waited for: 245ms, org.apache.isis.core.metamodel.services.factory.FactoryServiceInternalDefault: #introspectUpTo( TYPE_INTROSPECTED )
2021-05-03 14:22:45.964 END: completed in: 5ms, org.apache.isis.core.metamodel.services.config.ConfigurationServiceDefault: #introspectUpTo( TYPE_INTROSPECTED )
2021-05-03 14:22:45.965 START: workQueue.size: 0, waited for: 247ms, org.apache.isis.core.metamodel.services.grid.GridLoaderServiceDefault: #introspectUpTo( TYPE_INTROSPECTED )
2021-05-03 14:22:45.969 END: completed in: 6ms, org.apache.isis.core.metamodel.services.factory.FactoryServiceInternalDefault: #introspectUpTo( TYPE_INTROSPECTED )
2021-05-03 14:22:45.969 START: workQueue.size: 0, waited for: 251ms, org.apache.isis.core.metamodel.services.grid.GridServiceDefault: #introspectUpTo( TYPE_INTROSPECTED )
2021-05-03 14:22:45.972 END: completed in: 7ms, org.apache.isis.core.metamodel.services.grid.GridLoaderServiceDefault: #introspectUpTo( TYPE_INTROSPECTED )
2021-05-03 14:22:45.972 START: workQueue.size: 0, waited for: 254ms, org.apache.isis.core.metamodel.services.grid.bootstrap3.GridSystemServiceBS3: #introspectUpTo( TYPE_INTROSPECTED )
2021-05-03 14:22:45.973 END: completed in: 4ms, org.apache.isis.core.metamodel.services.grid.GridServiceDefault: #introspectUpTo( TYPE_INTROSPECTED )
2021-05-03 14:22:45.973 START: workQueue.size: 0, waited for: 255ms, org.apache.isis.core.metamodel.services.layout.LayoutServiceDefault: #introspectUpTo( TYPE_INTROSPECTED )
2021-05-03 14:22:45.977 END: completed in: 15ms, org.apache.isis.core.metamodel.services.container.DomainObjectContainerDefault: #introspectUpTo( TYPE_INTROSPECTED )
2021-05-03 14:22:45.977 START: workQueue.size: 0, waited for: 259ms, org.apache.isis.core.metamodel.services.message.MessageServiceNoop: #introspectUpTo( TYPE_INTROSPECTED )
2021-05-03 14:22:45.978 END: completed in: 5ms, org.apache.isis.core.metamodel.services.layout.LayoutServiceDefault: #introspectUpTo( TYPE_INTROSPECTED )
2021-05-03 14:22:45.979 START: workQueue.size: 0, waited for: 261ms, org.apache.isis.core.metamodel.services.metamodel.MetaModelServiceDefault: #introspectUpTo( TYPE_INTROSPECTED )
2021-05-03 14:22:45.982 END: completed in: 5ms, org.apache.isis.core.metamodel.services.message.MessageServiceNoop: #introspectUpTo( TYPE_INTROSPECTED )
2021-05-03 14:22:45.982 START: workQueue.size: 0, waited for: 264ms, org.apache.isis.core.metamodel.services.persistsession.PersistenceSessionServiceInternalNoop: #introspectUpTo( TYPE_INTROSPECTED )
2021-05-03 14:22:45.986 END: completed in: 7ms, org.apache.isis.core.metamodel.services.metamodel.MetaModelServiceDefault: #introspectUpTo( TYPE_INTROSPECTED )
2021-05-03 14:22:45.986 START: workQueue.size: 0, waited for: 268ms, org.apache.isis.core.metamodel.services.registry.ServiceRegistryDefault: #introspectUpTo( TYPE_INTROSPECTED )
2021-05-03 14:22:45.991 END: completed in: 9ms, org.apache.isis.core.metamodel.services.persistsession.PersistenceSessionServiceInternalNoop: #introspectUpTo( TYPE_INTROSPECTED )
2021-05-03 14:22:45.991 END: completed in: 5ms, org.apache.isis.core.metamodel.services.registry.ServiceRegistryDefault: #introspectUpTo( TYPE_INTROSPECTED )
2021-05-03 14:22:45.991 START: workQueue.size: 0, waited for: 273ms, org.apache.isis.core.metamodel.services.repository.RepositoryServiceInternalDefault: #introspectUpTo( TYPE_INTROSPECTED )
2021-05-03 14:22:45.991 START: workQueue.size: 0, waited for: 273ms, org.apache.isis.core.metamodel.services.swagger.SwaggerServiceDefault: #introspectUpTo( TYPE_INTROSPECTED )
2021-05-03 14:22:45.995 END: completed in: 23ms, org.apache.isis.core.metamodel.services.grid.bootstrap3.GridSystemServiceBS3: #introspectUpTo( TYPE_INTROSPECTED )
2021-05-03 14:22:45.995 END: completed in: 4ms, org.apache.isis.core.metamodel.services.swagger.SwaggerServiceDefault: #introspectUpTo( TYPE_INTROSPECTED )
2021-05-03 14:22:45.995 START: workQueue.size: 0, waited for: 277ms, org.apache.isis.core.metamodel.services.title.TitleServiceDefault: #introspectUpTo( TYPE_INTROSPECTED )
2021-05-03 14:22:45.995 START: workQueue.size: 0, waited for: 277ms, org.apache.isis.core.metamodel.services.user.UserServiceDefault: #introspectUpTo( TYPE_INTROSPECTED )
2021-05-03 14:22:45.997 END: completed in: 6ms, org.apache.isis.core.metamodel.services.repository.RepositoryServiceInternalDefault: #introspectUpTo( TYPE_INTROSPECTED )
2021-05-03 14:22:45.997 START: workQueue.size: 0, waited for: 279ms, org.apache.isis.core.metamodel.services.user.UserServiceDefault$SudoServiceSpi: #introspectUpTo( TYPE_INTROSPECTED )
2021-05-03 14:22:45.999 END: completed in: 4ms, org.apache.isis.core.metamodel.services.user.UserServiceDefault: #introspectUpTo( TYPE_INTROSPECTED )
2021-05-03 14:22:45.999 START: workQueue.size: 0, waited for: 281ms, org.apache.isis.core.metamodel.services.xactn.TransactionServiceDefault: #introspectUpTo( TYPE_INTROSPECTED )
2021-05-03 14:22:46.000 END: completed in: 5ms, org.apache.isis.core.metamodel.services.title.TitleServiceDefault: #introspectUpTo( TYPE_INTROSPECTED )
2021-05-03 14:22:46.001 START: workQueue.size: 0, waited for: 283ms, org.apache.isis.core.runtime.services.auditing.AuditingServiceInternal: #introspectUpTo( TYPE_INTROSPECTED )
2021-05-03 14:22:46.001 END: completed in: 4ms, org.apache.isis.core.metamodel.services.user.UserServiceDefault$SudoServiceSpi: #introspectUpTo( TYPE_INTROSPECTED )
2021-05-03 14:22:46.002 START: workQueue.size: 0, waited for: 284ms, org.apache.isis.core.runtime.services.authsess.AuthenticationSessionProviderDefault: #introspectUpTo( TYPE_INTROSPECTED )
2021-05-03 14:22:46.004 END: completed in: 5ms, org.apache.isis.core.metamodel.services.xactn.TransactionServiceDefault: #introspectUpTo( TYPE_INTROSPECTED )
2021-05-03 14:22:46.004 START: workQueue.size: 0, waited for: 286ms, org.apache.isis.core.runtime.services.background.BackgroundServiceDefault: #introspectUpTo( TYPE_INTROSPECTED )
2021-05-03 14:22:46.005 END: completed in: 4ms, org.apache.isis.core.runtime.services.auditing.AuditingServiceInternal: #introspectUpTo( TYPE_INTROSPECTED )
2021-05-03 14:22:46.005 START: workQueue.size: 0, waited for: 287ms, org.apache.isis.core.runtime.services.changes.ChangedObjectsServiceInternal: #introspectUpTo( TYPE_INTROSPECTED )
2021-05-03 14:22:46.005 END: completed in: 3ms, org.apache.isis.core.runtime.services.authsess.AuthenticationSessionProviderDefault: #introspectUpTo( TYPE_INTROSPECTED )
2021-05-03 14:22:46.006 START: workQueue.size: 0, waited for: 288ms, org.apache.isis.core.runtime.services.command.CommandDtoServiceInternalDefault: #introspectUpTo( TYPE_INTROSPECTED )
2021-05-03 14:22:46.009 END: completed in: 5ms, org.apache.isis.core.runtime.services.background.BackgroundServiceDefault: #introspectUpTo( TYPE_INTROSPECTED )
2021-05-03 14:22:46.009 START: workQueue.size: 0, waited for: 291ms, org.apache.isis.core.runtime.services.command.CommandServiceDefault: #introspectUpTo( TYPE_INTROSPECTED )
2021-05-03 14:22:46.009 END: completed in: 4ms, org.apache.isis.core.runtime.services.changes.ChangedObjectsServiceInternal: #introspectUpTo( TYPE_INTROSPECTED )
2021-05-03 14:22:46.009 START: workQueue.size: 0, waited for: 291ms, org.apache.isis.core.runtime.services.email.EmailServiceDefault: #introspectUpTo( TYPE_INTROSPECTED )
2021-05-03 14:22:46.011 END: completed in: 5ms, org.apache.isis.core.runtime.services.command.CommandDtoServiceInternalDefault: #introspectUpTo( TYPE_INTROSPECTED )
2021-05-03 14:22:46.012 START: workQueue.size: 0, waited for: 294ms, org.apache.isis.core.runtime.services.homepage.HomePageProviderServiceDefault: #introspectUpTo( TYPE_INTROSPECTED )
2021-05-03 14:22:46.013 END: completed in: 4ms, org.apache.isis.core.runtime.services.command.CommandServiceDefault: #introspectUpTo( TYPE_INTROSPECTED )
2021-05-03 14:22:46.013 START: workQueue.size: 0, waited for: 295ms, org.apache.isis.core.runtime.services.i18n.po.TranslationServicePo: #introspectUpTo( TYPE_INTROSPECTED )
2021-05-03 14:22:46.014 END: completed in: 5ms, org.apache.isis.core.runtime.services.email.EmailServiceDefault: #introspectUpTo( TYPE_INTROSPECTED )
2021-05-03 14:22:46.014 START: workQueue.size: 0, waited for: 296ms, org.apache.isis.core.runtime.services.ixn.InteractionDtoServiceInternalDefault: #introspectUpTo( TYPE_INTROSPECTED )
2021-05-03 14:22:46.016 END: completed in: 4ms, org.apache.isis.core.runtime.services.homepage.HomePageProviderServiceDefault: #introspectUpTo( TYPE_INTROSPECTED )
2021-05-03 14:22:46.016 START: workQueue.size: 0, waited for: 298ms, org.apache.isis.core.runtime.services.memento.MementoServiceDefault: #introspectUpTo( TYPE_INTROSPECTED )
2021-05-03 14:22:46.021 END: completed in: 8ms, org.apache.isis.core.runtime.services.i18n.po.TranslationServicePo: #introspectUpTo( TYPE_INTROSPECTED )
2021-05-03 14:22:46.021 START: workQueue.size: 0, waited for: 303ms, org.apache.isis.core.runtime.services.metrics.MetricsServiceDefault: #introspectUpTo( TYPE_INTROSPECTED )
2021-05-03 14:22:46.021 END: completed in: 7ms, org.apache.isis.core.runtime.services.ixn.InteractionDtoServiceInternalDefault: #introspectUpTo( TYPE_INTROSPECTED )
2021-05-03 14:22:46.021 START: workQueue.size: 0, waited for: 303ms, org.apache.isis.core.runtime.services.publish.PublishingServiceInternalDefault: #introspectUpTo( TYPE_INTROSPECTED )
2021-05-03 14:22:46.023 END: completed in: 7ms, org.apache.isis.core.runtime.services.memento.MementoServiceDefault: #introspectUpTo( TYPE_INTROSPECTED )
2021-05-03 14:22:46.023 START: workQueue.size: 0, waited for: 305ms, org.apache.isis.core.runtime.services.sessmgmt.SessionManagementServiceDefault: #introspectUpTo( TYPE_INTROSPECTED )
2021-05-03 14:22:46.027 END: completed in: 6ms, org.apache.isis.core.runtime.services.publish.PublishingServiceInternalDefault: #introspectUpTo( TYPE_INTROSPECTED )
2021-05-03 14:22:46.028 START: workQueue.size: 0, waited for: 310ms, org.apache.isis.core.runtime.services.sudo.SudoServiceDefault: #introspectUpTo( TYPE_INTROSPECTED )
2021-05-03 14:22:46.027 END: completed in: 6ms, org.apache.isis.core.runtime.services.metrics.MetricsServiceDefault: #introspectUpTo( TYPE_INTROSPECTED )
2021-05-03 14:22:46.028 START: workQueue.size: 0, waited for: 310ms, org.apache.isis.core.runtime.services.userreg.EmailNotificationServiceDefault: #introspectUpTo( TYPE_INTROSPECTED )
2021-05-03 14:22:46.029 END: completed in: 6ms, org.apache.isis.core.runtime.services.sessmgmt.SessionManagementServiceDefault: #introspectUpTo( TYPE_INTROSPECTED )
2021-05-03 14:22:46.029 START: workQueue.size: 0, waited for: 311ms, org.apache.isis.core.runtime.services.xmlsnapshot.XmlSnapshotServiceDefault: #introspectUpTo( TYPE_INTROSPECTED )
2021-05-03 14:22:46.030 END: completed in: 409ms, ChangesDtoUtils.init()
2021-05-03 14:22:46.030 START: workQueue.size: 0, waited for: 312ms, org.apache.isis.objectstore.jdo.applib.service.exceprecog.ExceptionRecognizerCompositeForJdoObjectStore: #introspectUpTo( TYPE_INTROSPECTED )
2021-05-03 14:22:46.032 END: completed in: 3ms, org.apache.isis.core.runtime.services.userreg.EmailNotificationServiceDefault: #introspectUpTo( TYPE_INTROSPECTED )
2021-05-03 14:22:46.032 START: workQueue.size: 0, waited for: 314ms, org.apache.isis.objectstore.jdo.datanucleus.service.support.IsisJdoSupportImpl: #introspectUpTo( TYPE_INTROSPECTED )
2021-05-03 14:22:46.034 END: completed in: 6ms, org.apache.isis.core.runtime.services.sudo.SudoServiceDefault: #introspectUpTo( TYPE_INTROSPECTED )
2021-05-03 14:22:46.035 START: workQueue.size: 0, waited for: 317ms, org.apache.isis.objectstore.jdo.datanucleus.service.support.TimestampService: #introspectUpTo( TYPE_INTROSPECTED )
2021-05-03 14:22:46.036 END: completed in: 7ms, org.apache.isis.core.runtime.services.xmlsnapshot.XmlSnapshotServiceDefault: #introspectUpTo( TYPE_INTROSPECTED )
2021-05-03 14:22:46.036 START: workQueue.size: 0, waited for: 318ms, org.apache.isis.schema.services.jaxb.JaxbServiceDefault: #introspectUpTo( TYPE_INTROSPECTED )
2021-05-03 14:22:46.038 END: completed in: 8ms, org.apache.isis.objectstore.jdo.applib.service.exceprecog.ExceptionRecognizerCompositeForJdoObjectStore: #introspectUpTo( TYPE_INTROSPECTED )
2021-05-03 14:22:46.039 START: workQueue.size: 0, waited for: 321ms, org.apache.isis.viewer.restfulobjects.rendering.service.RepresentationServiceContentNegotiator: #introspectUpTo( TYPE_INTROSPECTED )
2021-05-03 14:22:46.039 END: completed in: 4ms, org.apache.isis.objectstore.jdo.datanucleus.service.support.TimestampService: #introspectUpTo( TYPE_INTROSPECTED )
2021-05-03 14:22:46.041 START: workQueue.size: 0, waited for: 323ms, org.apache.isis.viewer.restfulobjects.rendering.service.RepresentationServiceForRestfulObjects: #introspectUpTo( TYPE_INTROSPECTED )
2021-05-03 14:22:46.041 END: completed in: 5ms, org.apache.isis.schema.services.jaxb.JaxbServiceDefault: #introspectUpTo( TYPE_INTROSPECTED )
2021-05-03 14:22:46.041 START: workQueue.size: 0, waited for: 323ms, org.apache.isis.viewer.restfulobjects.rendering.service.acceptheader.AcceptHeaderServiceForRest: #introspectUpTo( TYPE_INTROSPECTED )
2021-05-03 14:22:46.041 END: completed in: 9ms, org.apache.isis.objectstore.jdo.datanucleus.service.support.IsisJdoSupportImpl: #introspectUpTo( TYPE_INTROSPECTED )
2021-05-03 14:22:46.041 START: workQueue.size: 0, waited for: 323ms, org.apache.isis.viewer.restfulobjects.rendering.service.conneg.ContentNegotiationServiceForRestfulObjectsV1_0: #introspectUpTo( TYPE_INTROSPECTED )
2021-05-03 14:22:46.044 END: completed in: 5ms, org.apache.isis.viewer.restfulobjects.rendering.service.RepresentationServiceContentNegotiator: #introspectUpTo( TYPE_INTROSPECTED )
2021-05-03 14:22:46.044 START: workQueue.size: 0, waited for: 326ms, org.apache.isis.viewer.wicket.viewer.services.BookmarkUiServiceWicket: #introspectUpTo( TYPE_INTROSPECTED )
2021-05-03 14:22:46.044 END: completed in: 3ms, org.apache.isis.viewer.restfulobjects.rendering.service.RepresentationServiceForRestfulObjects: #introspectUpTo( TYPE_INTROSPECTED )
2021-05-03 14:22:46.045 START: workQueue.size: 0, waited for: 326ms, org.apache.isis.viewer.wicket.viewer.services.DeepLinkServiceWicket: #introspectUpTo( TYPE_INTROSPECTED )
2021-05-03 14:22:46.045 END: completed in: 4ms, org.apache.isis.viewer.restfulobjects.rendering.service.conneg.ContentNegotiationServiceForRestfulObjectsV1_0: #introspectUpTo( TYPE_INTROSPECTED )
2021-05-03 14:22:46.045 START: workQueue.size: 0, waited for: 327ms, org.apache.isis.viewer.wicket.viewer.services.GuiceBeanProviderWicket: #introspectUpTo( TYPE_INTROSPECTED )
2021-05-03 14:22:46.046 END: completed in: 5ms, org.apache.isis.viewer.restfulobjects.rendering.service.acceptheader.AcceptHeaderServiceForRest: #introspectUpTo( TYPE_INTROSPECTED )
2021-05-03 14:22:46.046 START: workQueue.size: 0, waited for: 328ms, org.apache.isis.viewer.wicket.viewer.services.HintStoreUsingWicketSession: #introspectUpTo( TYPE_INTROSPECTED )
2021-05-03 14:22:46.049 END: completed in: 5ms, org.apache.isis.viewer.wicket.viewer.services.BookmarkUiServiceWicket: #introspectUpTo( TYPE_INTROSPECTED )
2021-05-03 14:22:46.049 END: completed in: 5ms, org.apache.isis.viewer.wicket.viewer.services.DeepLinkServiceWicket: #introspectUpTo( TYPE_INTROSPECTED )
2021-05-03 14:22:46.050 START: workQueue.size: 0, waited for: 331ms, org.apache.isis.viewer.wicket.viewer.services.TranslationsResolverWicket: #introspectUpTo( TYPE_INTROSPECTED )
2021-05-03 14:22:46.049 START: workQueue.size: 0, waited for: 331ms, org.apache.isis.viewer.wicket.viewer.services.LocaleProviderWicket: #introspectUpTo( TYPE_INTROSPECTED )
2021-05-03 14:22:46.050 END: completed in: 5ms, org.apache.isis.viewer.wicket.viewer.services.GuiceBeanProviderWicket: #introspectUpTo( TYPE_INTROSPECTED )
2021-05-03 14:22:46.050 START: workQueue.size: 0, waited for: 332ms, org.apache.isis.applib.services.dto.Dto_downloadXsd: #introspectUpTo( TYPE_INTROSPECTED )
2021-05-03 14:22:46.053 END: completed in: 7ms, org.apache.isis.viewer.wicket.viewer.services.HintStoreUsingWicketSession: #introspectUpTo( TYPE_INTROSPECTED )
2021-05-03 14:22:46.053 START: workQueue.size: 0, waited for: 335ms, org.apache.isis.core.metamodel.services.jdosupport.Persistable_downloadJdoMetadata: #introspectUpTo( TYPE_INTROSPECTED )
2021-05-03 14:22:46.056 END: completed in: 7ms, org.apache.isis.viewer.wicket.viewer.services.LocaleProviderWicket: #introspectUpTo( TYPE_INTROSPECTED )
2021-05-03 14:22:46.056 END: completed in: 7ms, org.apache.isis.viewer.wicket.viewer.services.TranslationsResolverWicket: #introspectUpTo( TYPE_INTROSPECTED )
2021-05-03 14:22:46.056 START: workQueue.size: 0, waited for: 338ms, org.apache.isis.applib.services.dto.Dto_downloadXml: #introspectUpTo( TYPE_INTROSPECTED )
2021-05-03 14:22:46.056 START: workQueue.size: 0, waited for: 338ms, org.apache.isis.applib.services.bookmark.BookmarkHolder_lookup: #introspectUpTo( TYPE_INTROSPECTED )
2021-05-03 14:22:46.059 END: completed in: 9ms, org.apache.isis.applib.services.dto.Dto_downloadXsd: #introspectUpTo( TYPE_INTROSPECTED )
2021-05-03 14:22:46.059 END: completed in: 6ms, org.apache.isis.core.metamodel.services.jdosupport.Persistable_downloadJdoMetadata: #introspectUpTo( TYPE_INTROSPECTED )
2021-05-03 14:22:46.059 START: workQueue.size: 0, waited for: 341ms, org.apache.isis.applib.services.layout.Object_openRestApi: #introspectUpTo( TYPE_INTROSPECTED )
2021-05-03 14:22:46.059 START: workQueue.size: 0, waited for: 341ms, org.apache.isis.core.metamodel.services.jdosupport.Persistable_datanucleusIdLong: #introspectUpTo( TYPE_INTROSPECTED )
2021-05-03 14:22:46.060 END: completed in: 4ms, org.apache.isis.applib.services.bookmark.BookmarkHolder_lookup: #introspectUpTo( TYPE_INTROSPECTED )
2021-05-03 14:22:46.060 START: workQueue.size: 0, waited for: 342ms, org.apache.isis.core.metamodel.services.jdosupport.Persistable_datanucleusVersionLong: #introspectUpTo( TYPE_INTROSPECTED )
2021-05-03 14:22:46.060 END: completed in: 4ms, org.apache.isis.applib.services.dto.Dto_downloadXml: #introspectUpTo( TYPE_INTROSPECTED )
2021-05-03 14:22:46.061 START: workQueue.size: 0, waited for: 343ms, org.apache.isis.applib.services.layout.Object_rebuildMetamodel: #introspectUpTo( TYPE_INTROSPECTED )
2021-05-03 14:22:46.093 END: completed in: 34ms, org.apache.isis.applib.services.layout.Object_openRestApi: #introspectUpTo( TYPE_INTROSPECTED )
2021-05-03 14:22:46.094 START: workQueue.size: 0, waited for: 376ms, org.apache.isis.viewer.wicket.viewer.services.Object_clearHints: #introspectUpTo( TYPE_INTROSPECTED )
2021-05-03 14:22:46.098 END: completed in: 38ms, org.apache.isis.core.metamodel.services.jdosupport.Persistable_datanucleusVersionLong: #introspectUpTo( TYPE_INTROSPECTED )
2021-05-03 14:22:46.098 START: workQueue.size: 0, waited for: 380ms, org.apache.isis.applib.services.layout.Object_downloadLayoutXml: #introspectUpTo( TYPE_INTROSPECTED )
2021-05-03 14:22:46.098 END: completed in: 36ms, org.apache.isis.applib.services.layout.Object_rebuildMetamodel: #introspectUpTo( TYPE_INTROSPECTED )
2021-05-03 14:22:46.099 START: workQueue.size: 0, waited for: 380ms, org.apache.isis.applib.services.bookmark.BookmarkHolder_object: #introspectUpTo( TYPE_INTROSPECTED )
2021-05-03 14:22:46.099 END: completed in: 5ms, org.apache.isis.viewer.wicket.viewer.services.Object_clearHints: #introspectUpTo( TYPE_INTROSPECTED )
2021-05-03 14:22:46.099 START: workQueue.size: 0, waited for: 381ms, org.apache.isis.core.metamodel.services.jdosupport.Persistable_datanucleusVersionTimestamp: #introspectUpTo( TYPE_INTROSPECTED )
2021-05-03 14:22:46.103 END: completed in: 44ms, org.apache.isis.core.metamodel.services.jdosupport.Persistable_datanucleusIdLong: #introspectUpTo( TYPE_INTROSPECTED )
2021-05-03 14:22:46.103 START: workQueue.size: 0, waited for: 385ms, java.lang.String: #introspectUpTo( TYPE_INTROSPECTED )
2021-05-03 14:22:46.103 END: completed in: 5ms, org.apache.isis.applib.services.bookmark.BookmarkHolder_object: #introspectUpTo( TYPE_INTROSPECTED )
2021-05-03 14:22:46.103 START: workQueue.size: 0, waited for: 385ms, byte: #introspectUpTo( TYPE_INTROSPECTED )
2021-05-03 14:22:46.104 END: completed in: 483ms, CommandDtoUtils.init()
2021-05-03 14:22:46.104 START: workQueue.size: 0, waited for: 386ms, java.lang.Byte: #introspectUpTo( TYPE_INTROSPECTED )
2021-05-03 14:22:46.107 END: completed in: 9ms, org.apache.isis.applib.services.layout.Object_downloadLayoutXml: #introspectUpTo( TYPE_INTROSPECTED )
2021-05-03 14:22:46.107 START: workQueue.size: 0, waited for: 389ms, short: #introspectUpTo( TYPE_INTROSPECTED )
2021-05-03 14:22:46.110 END: completed in: 11ms, org.apache.isis.core.metamodel.services.jdosupport.Persistable_datanucleusVersionTimestamp: #introspectUpTo( TYPE_INTROSPECTED )
2021-05-03 14:22:46.110 START: workQueue.size: 0, waited for: 392ms, java.lang.Short: #introspectUpTo( TYPE_INTROSPECTED )
2021-05-03 14:22:46.123 END: completed in: 13ms, java.lang.Short: #introspectUpTo( TYPE_INTROSPECTED )
2021-05-03 14:22:46.123 END: completed in: 20ms, byte: #introspectUpTo( TYPE_INTROSPECTED )
2021-05-03 14:22:46.123 START: workQueue.size: 0, waited for: 405ms, int: #introspectUpTo( TYPE_INTROSPECTED )
2021-05-03 14:22:46.124 END: completed in: 17ms, short: #introspectUpTo( TYPE_INTROSPECTED )
2021-05-03 14:22:46.124 START: workQueue.size: 0, waited for: 406ms, long: #introspectUpTo( TYPE_INTROSPECTED )
2021-05-03 14:22:46.123 START: workQueue.size: 0, waited for: 405ms, java.lang.Integer: #introspectUpTo( TYPE_INTROSPECTED )
2021-05-03 14:22:46.124 END: completed in: 1ms, int: #introspectUpTo( TYPE_INTROSPECTED )
2021-05-03 14:22:46.125 START: workQueue.size: 0, waited for: 407ms, java.lang.Long: #introspectUpTo( TYPE_INTROSPECTED )
2021-05-03 14:22:46.126 END: completed in: 22ms, java.lang.Byte: #introspectUpTo( TYPE_INTROSPECTED )
2021-05-03 14:22:46.126 START: workQueue.size: 0, waited for: 408ms, char: #introspectUpTo( TYPE_INTROSPECTED )
2021-05-03 14:22:46.126 END: completed in: 2ms, long: #introspectUpTo( TYPE_INTROSPECTED )
2021-05-03 14:22:46.127 START: workQueue.size: 0, waited for: 409ms, java.lang.Character: #introspectUpTo( TYPE_INTROSPECTED )
2021-05-03 14:22:46.128 END: completed in: 1ms, char: #introspectUpTo( TYPE_INTROSPECTED )
2021-05-03 14:22:46.128 START: workQueue.size: 0, waited for: 410ms, boolean: #introspectUpTo( TYPE_INTROSPECTED )
2021-05-03 14:22:46.129 END: completed in: 1ms, boolean: #introspectUpTo( TYPE_INTROSPECTED )
2021-05-03 14:22:46.129 START: workQueue.size: 0, waited for: 411ms, java.lang.Boolean: #introspectUpTo( TYPE_INTROSPECTED )
2021-05-03 14:22:46.135 END: completed in: 6ms, java.lang.Boolean: #introspectUpTo( TYPE_INTROSPECTED )
2021-05-03 14:22:46.135 START: workQueue.size: 0, waited for: 417ms, float: #introspectUpTo( TYPE_INTROSPECTED )
2021-05-03 14:22:46.136 END: completed in: 33ms, java.lang.String: #introspectUpTo( TYPE_INTROSPECTED )
2021-05-03 14:22:46.136 END: completed in: 11ms, java.lang.Long: #introspectUpTo( TYPE_INTROSPECTED )
2021-05-03 14:22:46.136 START: workQueue.size: 0, waited for: 418ms, java.lang.Float: #introspectUpTo( TYPE_INTROSPECTED )
2021-05-03 14:22:46.136 START: workQueue.size: 0, waited for: 418ms, double: #introspectUpTo( TYPE_INTROSPECTED )
2021-05-03 14:22:46.136 END: completed in: 1ms, float: #introspectUpTo( TYPE_INTROSPECTED )
2021-05-03 14:22:46.137 START: workQueue.size: 0, waited for: 419ms, java.lang.Double: #introspectUpTo( TYPE_INTROSPECTED )
2021-05-03 14:22:46.137 END: completed in: 14ms, java.lang.Integer: #introspectUpTo( TYPE_INTROSPECTED )
2021-05-03 14:22:46.138 START: workQueue.size: 0, waited for: 420ms, java.math.BigInteger: #introspectUpTo( TYPE_INTROSPECTED )
2021-05-03 14:22:46.141 END: completed in: 13ms, java.lang.Character: #introspectUpTo( TYPE_INTROSPECTED )
2021-05-03 14:22:46.141 START: workQueue.size: 0, waited for: 423ms, java.math.BigDecimal: #introspectUpTo( TYPE_INTROSPECTED )
2021-05-03 14:22:46.141 END: completed in: 4ms, double: #introspectUpTo( TYPE_INTROSPECTED )
2021-05-03 14:22:46.141 START: workQueue.size: 0, waited for: 423ms, org.joda.time.DateTime: #introspectUpTo( TYPE_INTROSPECTED )
2021-05-03 14:22:46.144 END: completed in: 8ms, java.lang.Float: #introspectUpTo( TYPE_INTROSPECTED )
2021-05-03 14:22:46.144 START: workQueue.size: 0, waited for: 426ms, org.joda.time.LocalDateTime: #introspectUpTo( TYPE_INTROSPECTED )
2021-05-03 14:22:46.145 END: completed in: 7ms, java.lang.Double: #introspectUpTo( TYPE_INTROSPECTED )
2021-05-03 14:22:46.145 START: workQueue.size: 0, waited for: 427ms, org.joda.time.LocalDate: #introspectUpTo( TYPE_INTROSPECTED )
2021-05-03 14:22:46.151 END: completed in: 530ms, InteractionDtoUtils.init()
2021-05-03 14:22:46.152 START: workQueue.size: 0, waited for: 433ms, org.joda.time.LocalTime: #introspectUpTo( TYPE_INTROSPECTED )
2021-05-03 14:22:46.167 END: completed in: 29ms, java.math.BigInteger: #introspectUpTo( TYPE_INTROSPECTED )
2021-05-03 14:22:46.168 END: completed in: 27ms, java.math.BigDecimal: #introspectUpTo( TYPE_INTROSPECTED )
2021-05-03 14:22:46.168 START: workQueue.size: 0, waited for: 450ms, org.apache.isis.applib.value.Blob: #introspectUpTo( TYPE_INTROSPECTED )
2021-05-03 14:22:46.170 END: completed in: 2ms, org.apache.isis.applib.value.Blob: #introspectUpTo( TYPE_INTROSPECTED )
2021-05-03 14:22:46.170 START: workQueue.size: 0, waited for: 449ms, java.sql.Timestamp: #introspectUpTo( TYPE_INTROSPECTED )
2021-05-03 14:22:46.173 START: workQueue.size: 0, waited for: 455ms, org.apache.isis.applib.value.Clob: #introspectUpTo( TYPE_INTROSPECTED )
2021-05-03 14:22:46.175 END: completed in: 2ms, org.apache.isis.applib.value.Clob: #introspectUpTo( TYPE_INTROSPECTED )
2021-05-03 14:22:46.175 START: workQueue.size: 0, waited for: 457ms, org.apache.isis.applib.services.config.ConfigurationProperty: #introspectUpTo( TYPE_INTROSPECTED )
2021-05-03 14:22:46.179 END: completed in: 12ms, java.sql.Timestamp: #introspectUpTo( TYPE_INTROSPECTED )
2021-05-03 14:22:46.179 START: workQueue.size: 0, waited for: 461ms, domainapp.dom.impl.Equipo: #introspectUpTo( TYPE_INTROSPECTED )
2021-05-03 14:22:46.191 END: completed in: 46ms, org.joda.time.LocalDate: #introspectUpTo( TYPE_INTROSPECTED )
2021-05-03 14:22:46.191 START: workQueue.size: 0, waited for: 473ms, org.apache.isis.applib.domain.DomainObjectList: #introspectUpTo( TYPE_INTROSPECTED )
2021-05-03 14:22:46.204 END: completed in: 53ms, org.joda.time.LocalTime: #introspectUpTo( TYPE_INTROSPECTED )
2021-05-03 14:22:46.204 START: workQueue.size: 0, waited for: 486ms, org.apache.isis.objectstore.jdo.applib.service.DomainChangeJdoAbstract: #introspectUpTo( TYPE_INTROSPECTED )
2021-05-03 14:22:46.206 END: completed in: 15ms, org.apache.isis.applib.domain.DomainObjectList: #introspectUpTo( TYPE_INTROSPECTED )
2021-05-03 14:22:46.206 START: workQueue.size: 0, waited for: 488ms, org.apache.isis.applib.fixturescripts.FixtureResult: #introspectUpTo( TYPE_INTROSPECTED )
2021-05-03 14:22:46.207 END: completed in: 32ms, org.apache.isis.applib.services.config.ConfigurationProperty: #introspectUpTo( TYPE_INTROSPECTED )
2021-05-03 14:22:46.207 START: workQueue.size: 0, waited for: 489ms, org.apache.isis.applib.fixturescripts.SimpleFixtureScript: #introspectUpTo( TYPE_INTROSPECTED )
2021-05-03 14:22:46.209 END: completed in: 65ms, org.joda.time.LocalDateTime: #introspectUpTo( TYPE_INTROSPECTED )
2021-05-03 14:22:46.209 START: workQueue.size: 0, waited for: 491ms, org.apache.isis.applib.fixturescripts.FixtureScript: #introspectUpTo( TYPE_INTROSPECTED )
2021-05-03 14:22:46.209 END: completed in: 68ms, org.joda.time.DateTime: #introspectUpTo( TYPE_INTROSPECTED )
2021-05-03 14:22:46.209 START: workQueue.size: 0, waited for: 491ms, org.apache.isis.applib.fixturescripts.DiscoverableFixtureScript: #introspectUpTo( TYPE_INTROSPECTED )
2021-05-03 14:22:46.211 END: completed in: 5ms, org.apache.isis.applib.fixturescripts.FixtureResult: #introspectUpTo( TYPE_INTROSPECTED )
2021-05-03 14:22:46.211 START: workQueue.size: 0, waited for: 493ms, org.apache.isis.applib.fixturescripts.SimpleFixtureScript: #introspectUpTo( TYPE_INTROSPECTED )
2021-05-03 14:22:46.211 END: completed in: 0ms, org.apache.isis.applib.fixturescripts.SimpleFixtureScript: #introspectUpTo( TYPE_INTROSPECTED )
2021-05-03 14:22:46.211 START: workQueue.size: 0, waited for: 493ms, org.apache.isis.applib.fixturescripts.FixtureResult: #introspectUpTo( TYPE_INTROSPECTED )
2021-05-03 14:22:46.211 END: completed in: 0ms, org.apache.isis.applib.fixturescripts.FixtureResult: #introspectUpTo( TYPE_INTROSPECTED )
2021-05-03 14:22:46.213 END: completed in: 9ms, org.apache.isis.objectstore.jdo.applib.service.DomainChangeJdoAbstract: #introspectUpTo( TYPE_INTROSPECTED )
2021-05-03 14:22:46.214 END: completed in: 35ms, domainapp.dom.impl.Equipo: #introspectUpTo( TYPE_INTROSPECTED )
2021-05-03 14:22:46.214 END: completed in: 7ms, org.apache.isis.applib.fixturescripts.SimpleFixtureScript: #introspectUpTo( TYPE_INTROSPECTED )
2021-05-03 14:22:46.215 END: completed in: 6ms, org.apache.isis.applib.fixturescripts.DiscoverableFixtureScript: #introspectUpTo( TYPE_INTROSPECTED )
2021-05-03 14:22:46.220 END: completed in: 11ms, org.apache.isis.applib.fixturescripts.FixtureScript: #introspectUpTo( TYPE_INTROSPECTED )
2021-05-03 14:22:46.221 join'ing 142 tasks: waited 1 milliseconds 
2021-05-03 14:22:46.221 START: workQueue.size: 0, waited for: 0ms, org.apache.isis.core.runtime.system.session.IsisSessionFactory: #introspectUpTo( TYPE_AND_MEMBERS_INTROSPECTED )
2021-05-03 14:22:46.222 START: workQueue.size: 0, waited for: 0ms, org.apache.isis.core.metamodel.specloader.SpecificationLoader: #introspectUpTo( TYPE_AND_MEMBERS_INTROSPECTED )
2021-05-03 14:22:46.222 START: workQueue.size: 0, waited for: 0ms, org.apache.isis.core.runtime.system.persistence.PersistenceSessionFactory: #introspectUpTo( TYPE_AND_MEMBERS_INTROSPECTED )
2021-05-03 14:22:46.222 START: workQueue.size: 0, waited for: 1ms, org.apache.isis.core.runtime.authorization.standard.AuthorizationManagerStandard: #introspectUpTo( TYPE_AND_MEMBERS_INTROSPECTED )
2021-05-03 14:22:46.222 START: workQueue.size: 0, waited for: 1ms, org.apache.isis.core.runtime.authentication.standard.AuthenticationManagerStandard: #introspectUpTo( TYPE_AND_MEMBERS_INTROSPECTED )
2021-05-03 14:22:46.222 START: workQueue.size: 0, waited for: 1ms, org.apache.isis.core.commons.config.IsisConfigurationDefault: #introspectUpTo( TYPE_AND_MEMBERS_INTROSPECTED )
2021-05-03 14:22:46.246 END: completed in: 25ms, org.apache.isis.core.runtime.system.session.IsisSessionFactory: #introspectUpTo( TYPE_AND_MEMBERS_INTROSPECTED )
2021-05-03 14:22:46.246 END: completed in: 24ms, org.apache.isis.core.runtime.authorization.standard.AuthorizationManagerStandard: #introspectUpTo( TYPE_AND_MEMBERS_INTROSPECTED )
2021-05-03 14:22:46.246 END: completed in: 24ms, org.apache.isis.core.runtime.authentication.standard.AuthenticationManagerStandard: #introspectUpTo( TYPE_AND_MEMBERS_INTROSPECTED )
2021-05-03 14:22:46.246 START: workQueue.size: 0, waited for: 25ms, org.apache.isis.objectstore.jdo.datanucleus.service.eventbus.EventBusServiceJdo: #introspectUpTo( TYPE_AND_MEMBERS_INTROSPECTED )
2021-05-03 14:22:46.246 START: workQueue.size: 0, waited for: 25ms, org.apache.isis.core.runtime.services.deplcat.DeploymentCategoryProviderDefault: #introspectUpTo( TYPE_AND_MEMBERS_INTROSPECTED )
2021-05-03 14:22:46.246 END: completed in: 24ms, org.apache.isis.core.commons.config.IsisConfigurationDefault: #introspectUpTo( TYPE_AND_MEMBERS_INTROSPECTED )
2021-05-03 14:22:46.246 START: workQueue.size: 0, waited for: 25ms, org.apache.isis.applib.services.fixturespec.FixtureScriptsDefault: #introspectUpTo( TYPE_AND_MEMBERS_INTROSPECTED )
2021-05-03 14:22:46.246 END: completed in: 25ms, org.apache.isis.core.runtime.system.persistence.PersistenceSessionFactory: #introspectUpTo( TYPE_AND_MEMBERS_INTROSPECTED )
2021-05-03 14:22:46.246 START: workQueue.size: 0, waited for: 25ms, org.apache.isis.applib.services.queryresultscache.QueryResultsCache$Control: #introspectUpTo( TYPE_AND_MEMBERS_INTROSPECTED )
2021-05-03 14:22:46.246 END: completed in: 0ms, org.apache.isis.core.runtime.services.deplcat.DeploymentCategoryProviderDefault: #introspectUpTo( TYPE_AND_MEMBERS_INTROSPECTED )
2021-05-03 14:22:46.246 START: workQueue.size: 0, waited for: 25ms, org.apache.isis.applib.services.metamodel.MetaModelServicesMenu: #introspectUpTo( TYPE_AND_MEMBERS_INTROSPECTED )
2021-05-03 14:22:46.246 END: completed in: 0ms, org.apache.isis.applib.services.queryresultscache.QueryResultsCache$Control: #introspectUpTo( TYPE_AND_MEMBERS_INTROSPECTED )
2021-05-03 14:22:46.247 START: workQueue.size: 0, waited for: 26ms, org.apache.isis.applib.services.swagger.SwaggerServiceMenu: #introspectUpTo( TYPE_AND_MEMBERS_INTROSPECTED )
2021-05-03 14:22:46.246 END: completed in: 25ms, org.apache.isis.core.metamodel.specloader.SpecificationLoader: #introspectUpTo( TYPE_AND_MEMBERS_INTROSPECTED )
2021-05-03 14:22:46.247 START: workQueue.size: 0, waited for: 26ms, org.apache.isis.core.runtime.services.i18n.po.TranslationServicePoMenu: #introspectUpTo( TYPE_AND_MEMBERS_INTROSPECTED )
2021-05-03 14:22:46.247 END: completed in: 1ms, org.apache.isis.objectstore.jdo.datanucleus.service.eventbus.EventBusServiceJdo: #introspectUpTo( TYPE_AND_MEMBERS_INTROSPECTED )
2021-05-03 14:22:46.246 START: workQueue.size: 0, waited for: 25ms, org.apache.isis.applib.services.layout.LayoutServiceMenu: #introspectUpTo( TYPE_AND_MEMBERS_INTROSPECTED )
2021-05-03 14:22:46.247 START: workQueue.size: 0, waited for: 26ms, org.apache.isis.applib.services.hsqldb.HsqlDbManagerMenu: #introspectUpTo( TYPE_AND_MEMBERS_INTROSPECTED )
2021-05-03 14:22:46.389 END: completed in: 142ms, org.apache.isis.applib.services.hsqldb.HsqlDbManagerMenu: #introspectUpTo( TYPE_AND_MEMBERS_INTROSPECTED )
2021-05-03 14:22:46.389 START: workQueue.size: 0, waited for: 168ms, org.apache.isis.applib.services.config.ConfigurationServiceMenu: #introspectUpTo( TYPE_AND_MEMBERS_INTROSPECTED )
2021-05-03 14:22:46.392 END: completed in: 145ms, org.apache.isis.core.runtime.services.i18n.po.TranslationServicePoMenu: #introspectUpTo( TYPE_AND_MEMBERS_INTROSPECTED )
2021-05-03 14:22:46.392 START: workQueue.size: 0, waited for: 171ms, org.apache.isis.applib.conmap.ContentMappingServiceForCommandDto$CopyOverFromCommand: #introspectUpTo( TYPE_AND_MEMBERS_INTROSPECTED )
2021-05-03 14:22:46.392 END: completed in: 0ms, org.apache.isis.applib.conmap.ContentMappingServiceForCommandDto$CopyOverFromCommand: #introspectUpTo( TYPE_AND_MEMBERS_INTROSPECTED )
2021-05-03 14:22:46.392 START: workQueue.size: 0, waited for: 171ms, domainapp.dom.impl.Equipos: #introspectUpTo( TYPE_AND_MEMBERS_INTROSPECTED )
2021-05-03 14:22:46.392 END: completed in: 3ms, org.apache.isis.applib.services.config.ConfigurationServiceMenu: #introspectUpTo( TYPE_AND_MEMBERS_INTROSPECTED )
2021-05-03 14:22:46.392 START: workQueue.size: 0, waited for: 171ms, org.apache.isis.applib.services.dto.DtoMappingHelper: #introspectUpTo( TYPE_AND_MEMBERS_INTROSPECTED )
2021-05-03 14:22:46.392 END: completed in: 0ms, org.apache.isis.applib.services.dto.DtoMappingHelper: #introspectUpTo( TYPE_AND_MEMBERS_INTROSPECTED )
2021-05-03 14:22:46.393 START: workQueue.size: 0, waited for: 172ms, org.apache.isis.core.runtime.services.background.CommandExecutorServiceDefault: #introspectUpTo( TYPE_AND_MEMBERS_INTROSPECTED )
2021-05-03 14:22:46.393 END: completed in: 0ms, org.apache.isis.core.runtime.services.background.CommandExecutorServiceDefault: #introspectUpTo( TYPE_AND_MEMBERS_INTROSPECTED )
2021-05-03 14:22:46.393 START: workQueue.size: 0, waited for: 172ms, org.apache.isis.core.runtime.services.menubars.MenuBarsLoaderServiceDefault: #introspectUpTo( TYPE_AND_MEMBERS_INTROSPECTED )
2021-05-03 14:22:46.393 END: completed in: 0ms, org.apache.isis.core.runtime.services.menubars.MenuBarsLoaderServiceDefault: #introspectUpTo( TYPE_AND_MEMBERS_INTROSPECTED )
2021-05-03 14:22:46.393 START: workQueue.size: 0, waited for: 172ms, org.apache.isis.core.runtime.services.menubars.bootstrap3.MenuBarsServiceBS3: #introspectUpTo( TYPE_AND_MEMBERS_INTROSPECTED )
2021-05-03 14:22:46.393 END: completed in: 0ms, org.apache.isis.core.runtime.services.menubars.bootstrap3.MenuBarsServiceBS3: #introspectUpTo( TYPE_AND_MEMBERS_INTROSPECTED )
2021-05-03 14:22:46.393 START: workQueue.size: 0, waited for: 172ms, org.apache.isis.core.runtime.services.userprof.UserProfileServiceDefault: #introspectUpTo( TYPE_AND_MEMBERS_INTROSPECTED )
2021-05-03 14:22:46.393 END: completed in: 147ms, org.apache.isis.applib.services.layout.LayoutServiceMenu: #introspectUpTo( TYPE_AND_MEMBERS_INTROSPECTED )
2021-05-03 14:22:46.393 END: completed in: 0ms, org.apache.isis.core.runtime.services.userprof.UserProfileServiceDefault: #introspectUpTo( TYPE_AND_MEMBERS_INTROSPECTED )
2021-05-03 14:22:46.393 START: workQueue.size: 0, waited for: 172ms, org.apache.isis.viewer.restfulobjects.rendering.service.conneg.ContentNegotiationServiceXRoDomainType: #introspectUpTo( TYPE_AND_MEMBERS_INTROSPECTED )
2021-05-03 14:22:46.393 START: workQueue.size: 0, waited for: 172ms, org.apache.isis.viewer.restfulobjects.rendering.service.conneg.ContentNegotiationServiceOrgApacheIsisV1: #introspectUpTo( TYPE_AND_MEMBERS_INTROSPECTED )
2021-05-03 14:22:46.394 END: completed in: 0ms, org.apache.isis.viewer.restfulobjects.rendering.service.conneg.ContentNegotiationServiceOrgApacheIsisV1: #introspectUpTo( TYPE_AND_MEMBERS_INTROSPECTED )
2021-05-03 14:22:46.394 START: workQueue.size: 0, waited for: 173ms, org.apache.isis.core.runtime.services.message.MessageServiceDefault: #introspectUpTo( TYPE_AND_MEMBERS_INTROSPECTED )
2021-05-03 14:22:46.394 END: completed in: 1ms, org.apache.isis.viewer.restfulobjects.rendering.service.conneg.ContentNegotiationServiceXRoDomainType: #introspectUpTo( TYPE_AND_MEMBERS_INTROSPECTED )
2021-05-03 14:22:46.394 END: completed in: 0ms, org.apache.isis.core.runtime.services.message.MessageServiceDefault: #introspectUpTo( TYPE_AND_MEMBERS_INTROSPECTED )
2021-05-03 14:22:46.394 START: workQueue.size: 0, waited for: 173ms, org.apache.isis.core.runtime.services.persistsession.PersistenceSessionServiceInternalDefault: #introspectUpTo( TYPE_AND_MEMBERS_INTROSPECTED )
2021-05-03 14:22:46.394 END: completed in: 147ms, org.apache.isis.applib.services.swagger.SwaggerServiceMenu: #introspectUpTo( TYPE_AND_MEMBERS_INTROSPECTED )
2021-05-03 14:22:46.394 START: workQueue.size: 0, waited for: 173ms, org.apache.isis.applib.conmap.ContentMappingServiceForCommandDto: #introspectUpTo( TYPE_AND_MEMBERS_INTROSPECTED )
2021-05-03 14:22:46.394 START: workQueue.size: 0, waited for: 173ms, org.apache.isis.applib.annotation.Bulk$InteractionContext: #introspectUpTo( TYPE_AND_MEMBERS_INTROSPECTED )
2021-05-03 14:22:46.394 END: completed in: 0ms, org.apache.isis.applib.conmap.ContentMappingServiceForCommandDto: #introspectUpTo( TYPE_AND_MEMBERS_INTROSPECTED )
2021-05-03 14:22:46.394 END: completed in: 0ms, org.apache.isis.applib.annotation.Bulk$InteractionContext: #introspectUpTo( TYPE_AND_MEMBERS_INTROSPECTED )
2021-05-03 14:22:46.395 START: workQueue.size: 0, waited for: 174ms, org.apache.isis.applib.fixturescripts.ExecutionParametersService: #introspectUpTo( TYPE_AND_MEMBERS_INTROSPECTED )
2021-05-03 14:22:46.395 END: completed in: 0ms, org.apache.isis.applib.fixturescripts.ExecutionParametersService: #introspectUpTo( TYPE_AND_MEMBERS_INTROSPECTED )
2021-05-03 14:22:46.395 START: workQueue.size: 0, waited for: 174ms, org.apache.isis.applib.services.actinvoc.ActionInvocationContext: #introspectUpTo( TYPE_AND_MEMBERS_INTROSPECTED )
2021-05-03 14:22:46.395 END: completed in: 0ms, org.apache.isis.applib.services.actinvoc.ActionInvocationContext: #introspectUpTo( TYPE_AND_MEMBERS_INTROSPECTED )
2021-05-03 14:22:46.395 START: workQueue.size: 0, waited for: 174ms, org.apache.isis.applib.services.audit.AuditerServiceLogging: #introspectUpTo( TYPE_AND_MEMBERS_INTROSPECTED )
2021-05-03 14:22:46.395 END: completed in: 0ms, org.apache.isis.applib.services.audit.AuditerServiceLogging: #introspectUpTo( TYPE_AND_MEMBERS_INTROSPECTED )
2021-05-03 14:22:46.395 START: workQueue.size: 0, waited for: 174ms, org.apache.isis.applib.services.classdiscovery.ClassDiscoveryServiceUsingReflections: #introspectUpTo( TYPE_AND_MEMBERS_INTROSPECTED )
2021-05-03 14:22:46.395 END: completed in: 149ms, org.apache.isis.applib.services.metamodel.MetaModelServicesMenu: #introspectUpTo( TYPE_AND_MEMBERS_INTROSPECTED )
2021-05-03 14:22:46.394 END: completed in: 0ms, org.apache.isis.core.runtime.services.persistsession.PersistenceSessionServiceInternalDefault: #introspectUpTo( TYPE_AND_MEMBERS_INTROSPECTED )
2021-05-03 14:22:46.396 START: workQueue.size: 0, waited for: 175ms, org.apache.isis.applib.services.command.CommandContext: #introspectUpTo( TYPE_AND_MEMBERS_INTROSPECTED )
2021-05-03 14:22:46.396 START: workQueue.size: 0, waited for: 175ms, org.apache.isis.applib.services.clock.ClockService: #introspectUpTo( TYPE_AND_MEMBERS_INTROSPECTED )
2021-05-03 14:22:46.396 END: completed in: 0ms, org.apache.isis.applib.services.command.CommandContext: #introspectUpTo( TYPE_AND_MEMBERS_INTROSPECTED )
2021-05-03 14:22:46.396 START: workQueue.size: 0, waited for: 175ms, org.apache.isis.applib.services.iactn.InteractionContext: #introspectUpTo( TYPE_AND_MEMBERS_INTROSPECTED )
2021-05-03 14:22:46.396 END: completed in: 0ms, org.apache.isis.applib.services.clock.ClockService: #introspectUpTo( TYPE_AND_MEMBERS_INTROSPECTED )
2021-05-03 14:22:46.396 START: workQueue.size: 0, waited for: 175ms, org.apache.isis.applib.services.publish.PublisherServiceLogging: #introspectUpTo( TYPE_AND_MEMBERS_INTROSPECTED )
2021-05-03 14:22:46.396 END: completed in: 0ms, org.apache.isis.applib.services.publish.PublisherServiceLogging: #introspectUpTo( TYPE_AND_MEMBERS_INTROSPECTED )
2021-05-03 14:22:46.396 START: workQueue.size: 0, waited for: 175ms, org.apache.isis.applib.services.queryresultscache.QueryResultsCache: #introspectUpTo( TYPE_AND_MEMBERS_INTROSPECTED )
2021-05-03 14:22:46.396 END: completed in: 0ms, org.apache.isis.applib.services.queryresultscache.QueryResultsCache: #introspectUpTo( TYPE_AND_MEMBERS_INTROSPECTED )
2021-05-03 14:22:46.396 START: workQueue.size: 0, waited for: 175ms, org.apache.isis.applib.services.routing.RoutingServiceDefault: #introspectUpTo( TYPE_AND_MEMBERS_INTROSPECTED )
2021-05-03 14:22:46.397 END: completed in: 1ms, org.apache.isis.applib.services.routing.RoutingServiceDefault: #introspectUpTo( TYPE_AND_MEMBERS_INTROSPECTED )
2021-05-03 14:22:46.397 START: workQueue.size: 0, waited for: 176ms, org.apache.isis.applib.services.scratchpad.Scratchpad: #introspectUpTo( TYPE_AND_MEMBERS_INTROSPECTED )
2021-05-03 14:22:46.395 END: completed in: 0ms, org.apache.isis.applib.services.classdiscovery.ClassDiscoveryServiceUsingReflections: #introspectUpTo( TYPE_AND_MEMBERS_INTROSPECTED )
2021-05-03 14:22:46.397 START: workQueue.size: 0, waited for: 176ms, org.apache.isis.applib.services.tablecol.TableColumnOrderService$Default: #introspectUpTo( TYPE_AND_MEMBERS_INTROSPECTED )
2021-05-03 14:22:46.397 END: completed in: 0ms, org.apache.isis.applib.services.tablecol.TableColumnOrderService$Default: #introspectUpTo( TYPE_AND_MEMBERS_INTROSPECTED )
2021-05-03 14:22:46.397 START: workQueue.size: 0, waited for: 176ms, org.apache.isis.applib.services.urlencoding.UrlEncodingServiceUsingBaseEncoding: #introspectUpTo( TYPE_AND_MEMBERS_INTROSPECTED )
2021-05-03 14:22:46.397 END: completed in: 0ms, org.apache.isis.applib.services.urlencoding.UrlEncodingServiceUsingBaseEncoding: #introspectUpTo( TYPE_AND_MEMBERS_INTROSPECTED )
2021-05-03 14:22:46.397 START: workQueue.size: 0, waited for: 176ms, org.apache.isis.core.metamodel.services.appfeat.ApplicationFeatureFactory: #introspectUpTo( TYPE_AND_MEMBERS_INTROSPECTED )
2021-05-03 14:22:46.397 END: completed in: 0ms, org.apache.isis.core.metamodel.services.appfeat.ApplicationFeatureFactory: #introspectUpTo( TYPE_AND_MEMBERS_INTROSPECTED )
2021-05-03 14:22:46.397 START: workQueue.size: 0, waited for: 176ms, org.apache.isis.core.metamodel.services.appfeat.ApplicationFeatureRepositoryDefault: #introspectUpTo( TYPE_AND_MEMBERS_INTROSPECTED )
2021-05-03 14:22:46.397 END: completed in: 0ms, org.apache.isis.core.metamodel.services.appfeat.ApplicationFeatureRepositoryDefault: #introspectUpTo( TYPE_AND_MEMBERS_INTROSPECTED )
2021-05-03 14:22:46.397 START: workQueue.size: 0, waited for: 176ms, org.apache.isis.core.metamodel.services.bookmarks.BookmarkServiceInternalDefault: #introspectUpTo( TYPE_AND_MEMBERS_INTROSPECTED )
2021-05-03 14:22:46.398 END: completed in: 1ms, org.apache.isis.core.metamodel.services.bookmarks.BookmarkServiceInternalDefault: #introspectUpTo( TYPE_AND_MEMBERS_INTROSPECTED )
2021-05-03 14:22:46.398 START: workQueue.size: 0, waited for: 177ms, org.apache.isis.core.metamodel.services.config.ConfigurationServiceDefault: #introspectUpTo( TYPE_AND_MEMBERS_INTROSPECTED )
2021-05-03 14:22:46.398 END: completed in: 0ms, org.apache.isis.core.metamodel.services.config.ConfigurationServiceDefault: #introspectUpTo( TYPE_AND_MEMBERS_INTROSPECTED )
2021-05-03 14:22:46.399 START: workQueue.size: 0, waited for: 178ms, org.apache.isis.core.metamodel.services.container.DomainObjectContainerDefault: #introspectUpTo( TYPE_AND_MEMBERS_INTROSPECTED )
2021-05-03 14:22:46.399 END: completed in: 0ms, org.apache.isis.core.metamodel.services.container.DomainObjectContainerDefault: #introspectUpTo( TYPE_AND_MEMBERS_INTROSPECTED )
2021-05-03 14:22:46.399 START: workQueue.size: 0, waited for: 178ms, org.apache.isis.core.metamodel.services.factory.FactoryServiceInternalDefault: #introspectUpTo( TYPE_AND_MEMBERS_INTROSPECTED )
2021-05-03 14:22:46.399 END: completed in: 0ms, org.apache.isis.core.metamodel.services.factory.FactoryServiceInternalDefault: #introspectUpTo( TYPE_AND_MEMBERS_INTROSPECTED )
2021-05-03 14:22:46.399 START: workQueue.size: 0, waited for: 178ms, org.apache.isis.core.metamodel.services.grid.GridLoaderServiceDefault: #introspectUpTo( TYPE_AND_MEMBERS_INTROSPECTED )
2021-05-03 14:22:46.399 END: completed in: 0ms, org.apache.isis.core.metamodel.services.grid.GridLoaderServiceDefault: #introspectUpTo( TYPE_AND_MEMBERS_INTROSPECTED )
2021-05-03 14:22:46.399 START: workQueue.size: 0, waited for: 178ms, org.apache.isis.core.metamodel.services.grid.GridServiceDefault: #introspectUpTo( TYPE_AND_MEMBERS_INTROSPECTED )
2021-05-03 14:22:46.400 END: completed in: 1ms, org.apache.isis.core.metamodel.services.grid.GridServiceDefault: #introspectUpTo( TYPE_AND_MEMBERS_INTROSPECTED )
2021-05-03 14:22:46.400 START: workQueue.size: 0, waited for: 179ms, org.apache.isis.core.metamodel.services.grid.bootstrap3.GridSystemServiceBS3: #introspectUpTo( TYPE_AND_MEMBERS_INTROSPECTED )
2021-05-03 14:22:46.400 END: completed in: 0ms, org.apache.isis.core.metamodel.services.grid.bootstrap3.GridSystemServiceBS3: #introspectUpTo( TYPE_AND_MEMBERS_INTROSPECTED )
2021-05-03 14:22:46.400 START: workQueue.size: 0, waited for: 179ms, org.apache.isis.core.metamodel.services.layout.LayoutServiceDefault: #introspectUpTo( TYPE_AND_MEMBERS_INTROSPECTED )
2021-05-03 14:22:46.401 END: completed in: 1ms, org.apache.isis.core.metamodel.services.layout.LayoutServiceDefault: #introspectUpTo( TYPE_AND_MEMBERS_INTROSPECTED )
2021-05-03 14:22:46.401 START: workQueue.size: 0, waited for: 180ms, org.apache.isis.core.metamodel.services.message.MessageServiceNoop: #introspectUpTo( TYPE_AND_MEMBERS_INTROSPECTED )
2021-05-03 14:22:46.401 END: completed in: 0ms, org.apache.isis.core.metamodel.services.message.MessageServiceNoop: #introspectUpTo( TYPE_AND_MEMBERS_INTROSPECTED )
2021-05-03 14:22:46.401 START: workQueue.size: 0, waited for: 180ms, org.apache.isis.core.metamodel.services.metamodel.MetaModelServiceDefault: #introspectUpTo( TYPE_AND_MEMBERS_INTROSPECTED )
2021-05-03 14:22:46.401 END: completed in: 0ms, org.apache.isis.core.metamodel.services.metamodel.MetaModelServiceDefault: #introspectUpTo( TYPE_AND_MEMBERS_INTROSPECTED )
2021-05-03 14:22:46.401 START: workQueue.size: 0, waited for: 180ms, org.apache.isis.core.metamodel.services.persistsession.PersistenceSessionServiceInternalNoop: #introspectUpTo( TYPE_AND_MEMBERS_INTROSPECTED )
2021-05-03 14:22:46.401 END: completed in: 0ms, org.apache.isis.core.metamodel.services.persistsession.PersistenceSessionServiceInternalNoop: #introspectUpTo( TYPE_AND_MEMBERS_INTROSPECTED )
2021-05-03 14:22:46.401 START: workQueue.size: 0, waited for: 180ms, org.apache.isis.core.metamodel.services.registry.ServiceRegistryDefault: #introspectUpTo( TYPE_AND_MEMBERS_INTROSPECTED )
2021-05-03 14:22:46.401 END: completed in: 0ms, org.apache.isis.core.metamodel.services.registry.ServiceRegistryDefault: #introspectUpTo( TYPE_AND_MEMBERS_INTROSPECTED )
2021-05-03 14:22:46.401 START: workQueue.size: 0, waited for: 180ms, org.apache.isis.core.metamodel.services.repository.RepositoryServiceInternalDefault: #introspectUpTo( TYPE_AND_MEMBERS_INTROSPECTED )
2021-05-03 14:22:46.402 END: completed in: 1ms, org.apache.isis.core.metamodel.services.repository.RepositoryServiceInternalDefault: #introspectUpTo( TYPE_AND_MEMBERS_INTROSPECTED )
2021-05-03 14:22:46.402 START: workQueue.size: 0, waited for: 181ms, org.apache.isis.core.metamodel.services.swagger.SwaggerServiceDefault: #introspectUpTo( TYPE_AND_MEMBERS_INTROSPECTED )
2021-05-03 14:22:46.402 END: completed in: 0ms, org.apache.isis.core.metamodel.services.swagger.SwaggerServiceDefault: #introspectUpTo( TYPE_AND_MEMBERS_INTROSPECTED )
2021-05-03 14:22:46.402 START: workQueue.size: 0, waited for: 181ms, org.apache.isis.core.metamodel.services.title.TitleServiceDefault: #introspectUpTo( TYPE_AND_MEMBERS_INTROSPECTED )
2021-05-03 14:22:46.402 END: completed in: 0ms, org.apache.isis.core.metamodel.services.title.TitleServiceDefault: #introspectUpTo( TYPE_AND_MEMBERS_INTROSPECTED )
2021-05-03 14:22:46.402 START: workQueue.size: 0, waited for: 181ms, org.apache.isis.core.metamodel.services.user.UserServiceDefault: #introspectUpTo( TYPE_AND_MEMBERS_INTROSPECTED )
2021-05-03 14:22:46.402 END: completed in: 0ms, org.apache.isis.core.metamodel.services.user.UserServiceDefault: #introspectUpTo( TYPE_AND_MEMBERS_INTROSPECTED )
2021-05-03 14:22:46.402 START: workQueue.size: 0, waited for: 181ms, org.apache.isis.core.metamodel.services.user.UserServiceDefault$SudoServiceSpi: #introspectUpTo( TYPE_AND_MEMBERS_INTROSPECTED )
2021-05-03 14:22:46.402 END: completed in: 0ms, org.apache.isis.core.metamodel.services.user.UserServiceDefault$SudoServiceSpi: #introspectUpTo( TYPE_AND_MEMBERS_INTROSPECTED )
2021-05-03 14:22:46.402 START: workQueue.size: 0, waited for: 181ms, org.apache.isis.core.metamodel.services.xactn.TransactionServiceDefault: #introspectUpTo( TYPE_AND_MEMBERS_INTROSPECTED )
2021-05-03 14:22:46.403 END: completed in: 1ms, org.apache.isis.core.metamodel.services.xactn.TransactionServiceDefault: #introspectUpTo( TYPE_AND_MEMBERS_INTROSPECTED )
2021-05-03 14:22:46.403 START: workQueue.size: 0, waited for: 182ms, org.apache.isis.core.runtime.services.auditing.AuditingServiceInternal: #introspectUpTo( TYPE_AND_MEMBERS_INTROSPECTED )
2021-05-03 14:22:46.403 END: completed in: 0ms, org.apache.isis.core.runtime.services.auditing.AuditingServiceInternal: #introspectUpTo( TYPE_AND_MEMBERS_INTROSPECTED )
2021-05-03 14:22:46.403 START: workQueue.size: 0, waited for: 182ms, org.apache.isis.core.runtime.services.authsess.AuthenticationSessionProviderDefault: #introspectUpTo( TYPE_AND_MEMBERS_INTROSPECTED )
2021-05-03 14:22:46.403 END: completed in: 0ms, org.apache.isis.core.runtime.services.authsess.AuthenticationSessionProviderDefault: #introspectUpTo( TYPE_AND_MEMBERS_INTROSPECTED )
2021-05-03 14:22:46.403 START: workQueue.size: 0, waited for: 182ms, org.apache.isis.core.runtime.services.background.BackgroundServiceDefault: #introspectUpTo( TYPE_AND_MEMBERS_INTROSPECTED )
2021-05-03 14:22:46.405 END: completed in: 2ms, org.apache.isis.core.runtime.services.background.BackgroundServiceDefault: #introspectUpTo( TYPE_AND_MEMBERS_INTROSPECTED )
2021-05-03 14:22:46.405 START: workQueue.size: 0, waited for: 184ms, org.apache.isis.core.runtime.services.changes.ChangedObjectsServiceInternal: #introspectUpTo( TYPE_AND_MEMBERS_INTROSPECTED )
2021-05-03 14:22:46.394 START: workQueue.size: 0, waited for: 173ms, org.apache.isis.applib.conmap.ContentMappingServiceForCommandsDto: #introspectUpTo( TYPE_AND_MEMBERS_INTROSPECTED )
2021-05-03 14:22:46.407 END: completed in: 13ms, org.apache.isis.applib.conmap.ContentMappingServiceForCommandsDto: #introspectUpTo( TYPE_AND_MEMBERS_INTROSPECTED )
2021-05-03 14:22:46.407 START: workQueue.size: 0, waited for: 186ms, org.apache.isis.core.runtime.services.command.CommandDtoServiceInternalDefault: #introspectUpTo( TYPE_AND_MEMBERS_INTROSPECTED )
2021-05-03 14:22:46.407 END: completed in: 0ms, org.apache.isis.core.runtime.services.command.CommandDtoServiceInternalDefault: #introspectUpTo( TYPE_AND_MEMBERS_INTROSPECTED )
2021-05-03 14:22:46.408 START: workQueue.size: 0, waited for: 187ms, org.apache.isis.core.runtime.services.command.CommandServiceDefault: #introspectUpTo( TYPE_AND_MEMBERS_INTROSPECTED )
2021-05-03 14:22:46.408 END: completed in: 0ms, org.apache.isis.core.runtime.services.command.CommandServiceDefault: #introspectUpTo( TYPE_AND_MEMBERS_INTROSPECTED )
2021-05-03 14:22:46.408 START: workQueue.size: 0, waited for: 187ms, org.apache.isis.core.runtime.services.email.EmailServiceDefault: #introspectUpTo( TYPE_AND_MEMBERS_INTROSPECTED )
2021-05-03 14:22:46.408 END: completed in: 0ms, org.apache.isis.core.runtime.services.email.EmailServiceDefault: #introspectUpTo( TYPE_AND_MEMBERS_INTROSPECTED )
2021-05-03 14:22:46.408 START: workQueue.size: 0, waited for: 187ms, org.apache.isis.core.runtime.services.homepage.HomePageProviderServiceDefault: #introspectUpTo( TYPE_AND_MEMBERS_INTROSPECTED )
2021-05-03 14:22:46.409 END: completed in: 1ms, org.apache.isis.core.runtime.services.homepage.HomePageProviderServiceDefault: #introspectUpTo( TYPE_AND_MEMBERS_INTROSPECTED )
2021-05-03 14:22:46.409 START: workQueue.size: 0, waited for: 188ms, org.apache.isis.core.runtime.services.i18n.po.TranslationServicePo: #introspectUpTo( TYPE_AND_MEMBERS_INTROSPECTED )
2021-05-03 14:22:46.409 END: completed in: 163ms, org.apache.isis.applib.services.fixturespec.FixtureScriptsDefault: #introspectUpTo( TYPE_AND_MEMBERS_INTROSPECTED )
2021-05-03 14:22:46.409 END: completed in: 17ms, domainapp.dom.impl.Equipos: #introspectUpTo( TYPE_AND_MEMBERS_INTROSPECTED )
2021-05-03 14:22:46.409 END: completed in: 0ms, org.apache.isis.core.runtime.services.i18n.po.TranslationServicePo: #introspectUpTo( TYPE_AND_MEMBERS_INTROSPECTED )
2021-05-03 14:22:46.397 END: completed in: 0ms, org.apache.isis.applib.services.scratchpad.Scratchpad: #introspectUpTo( TYPE_AND_MEMBERS_INTROSPECTED )
2021-05-03 14:22:46.396 END: completed in: 0ms, org.apache.isis.applib.services.iactn.InteractionContext: #introspectUpTo( TYPE_AND_MEMBERS_INTROSPECTED )
2021-05-03 14:22:46.409 START: workQueue.size: 0, waited for: 188ms, org.apache.isis.core.runtime.services.publish.PublishingServiceInternalDefault: #introspectUpTo( TYPE_AND_MEMBERS_INTROSPECTED )
2021-05-03 14:22:46.409 START: workQueue.size: 0, waited for: 188ms, org.apache.isis.core.runtime.services.memento.MementoServiceDefault: #introspectUpTo( TYPE_AND_MEMBERS_INTROSPECTED )
2021-05-03 14:22:46.409 START: workQueue.size: 0, waited for: 188ms, org.apache.isis.core.runtime.services.metrics.MetricsServiceDefault: #introspectUpTo( TYPE_AND_MEMBERS_INTROSPECTED )
2021-05-03 14:22:46.409 END: completed in: 0ms, org.apache.isis.core.runtime.services.publish.PublishingServiceInternalDefault: #introspectUpTo( TYPE_AND_MEMBERS_INTROSPECTED )
2021-05-03 14:22:46.409 END: completed in: 0ms, org.apache.isis.core.runtime.services.memento.MementoServiceDefault: #introspectUpTo( TYPE_AND_MEMBERS_INTROSPECTED )
2021-05-03 14:22:46.409 START: workQueue.size: 0, waited for: 188ms, org.apache.isis.core.runtime.services.ixn.InteractionDtoServiceInternalDefault: #introspectUpTo( TYPE_AND_MEMBERS_INTROSPECTED )
2021-05-03 14:22:46.407 END: completed in: 0ms, org.apache.isis.core.runtime.services.changes.ChangedObjectsServiceInternal: #introspectUpTo( TYPE_AND_MEMBERS_INTROSPECTED )
2021-05-03 14:22:46.409 START: workQueue.size: 0, waited for: 188ms, org.apache.isis.core.runtime.services.userreg.EmailNotificationServiceDefault: #introspectUpTo( TYPE_AND_MEMBERS_INTROSPECTED )
2021-05-03 14:22:46.409 END: completed in: 0ms, org.apache.isis.core.runtime.services.metrics.MetricsServiceDefault: #introspectUpTo( TYPE_AND_MEMBERS_INTROSPECTED )
2021-05-03 14:22:46.409 END: completed in: 0ms, org.apache.isis.core.runtime.services.ixn.InteractionDtoServiceInternalDefault: #introspectUpTo( TYPE_AND_MEMBERS_INTROSPECTED )
2021-05-03 14:22:46.409 START: workQueue.size: 0, waited for: 188ms, org.apache.isis.core.runtime.services.sudo.SudoServiceDefault: #introspectUpTo( TYPE_AND_MEMBERS_INTROSPECTED )
2021-05-03 14:22:46.409 START: workQueue.size: 0, waited for: 188ms, org.apache.isis.core.runtime.services.sessmgmt.SessionManagementServiceDefault: #introspectUpTo( TYPE_AND_MEMBERS_INTROSPECTED )
2021-05-03 14:22:46.410 END: completed in: 1ms, org.apache.isis.core.runtime.services.sudo.SudoServiceDefault: #introspectUpTo( TYPE_AND_MEMBERS_INTROSPECTED )
2021-05-03 14:22:46.409 END: completed in: 0ms, org.apache.isis.core.runtime.services.userreg.EmailNotificationServiceDefault: #introspectUpTo( TYPE_AND_MEMBERS_INTROSPECTED )
2021-05-03 14:22:46.410 START: workQueue.size: 0, waited for: 189ms, org.apache.isis.objectstore.jdo.datanucleus.service.support.TimestampService: #introspectUpTo( TYPE_AND_MEMBERS_INTROSPECTED )
2021-05-03 14:22:46.409 START: workQueue.size: 0, waited for: 188ms, org.apache.isis.objectstore.jdo.datanucleus.service.support.IsisJdoSupportImpl: #introspectUpTo( TYPE_AND_MEMBERS_INTROSPECTED )
2021-05-03 14:22:46.410 END: completed in: 1ms, org.apache.isis.core.runtime.services.sessmgmt.SessionManagementServiceDefault: #introspectUpTo( TYPE_AND_MEMBERS_INTROSPECTED )
2021-05-03 14:22:46.410 END: completed in: 0ms, org.apache.isis.objectstore.jdo.datanucleus.service.support.TimestampService: #introspectUpTo( TYPE_AND_MEMBERS_INTROSPECTED )
2021-05-03 14:22:46.410 END: completed in: 1ms, org.apache.isis.objectstore.jdo.datanucleus.service.support.IsisJdoSupportImpl: #introspectUpTo( TYPE_AND_MEMBERS_INTROSPECTED )
2021-05-03 14:22:46.410 START: workQueue.size: 0, waited for: 189ms, org.apache.isis.viewer.restfulobjects.rendering.service.RepresentationServiceForRestfulObjects: #introspectUpTo( TYPE_AND_MEMBERS_INTROSPECTED )
2021-05-03 14:22:46.409 START: workQueue.size: 0, waited for: 188ms, org.apache.isis.objectstore.jdo.applib.service.exceprecog.ExceptionRecognizerCompositeForJdoObjectStore: #introspectUpTo( TYPE_AND_MEMBERS_INTROSPECTED )
2021-05-03 14:22:46.409 START: workQueue.size: 0, waited for: 188ms, org.apache.isis.core.runtime.services.xmlsnapshot.XmlSnapshotServiceDefault: #introspectUpTo( TYPE_AND_MEMBERS_INTROSPECTED )
2021-05-03 14:22:46.410 END: completed in: 0ms, org.apache.isis.viewer.restfulobjects.rendering.service.RepresentationServiceForRestfulObjects: #introspectUpTo( TYPE_AND_MEMBERS_INTROSPECTED )
2021-05-03 14:22:46.410 START: workQueue.size: 0, waited for: 189ms, org.apache.isis.viewer.restfulobjects.rendering.service.acceptheader.AcceptHeaderServiceForRest: #introspectUpTo( TYPE_AND_MEMBERS_INTROSPECTED )
2021-05-03 14:22:46.410 START: workQueue.size: 0, waited for: 189ms, org.apache.isis.viewer.restfulobjects.rendering.service.conneg.ContentNegotiationServiceForRestfulObjectsV1_0: #introspectUpTo( TYPE_AND_MEMBERS_INTROSPECTED )
2021-05-03 14:22:46.410 END: completed in: 1ms, org.apache.isis.core.runtime.services.xmlsnapshot.XmlSnapshotServiceDefault: #introspectUpTo( TYPE_AND_MEMBERS_INTROSPECTED )
2021-05-03 14:22:46.410 START: workQueue.size: 0, waited for: 189ms, org.apache.isis.viewer.wicket.viewer.services.BookmarkUiServiceWicket: #introspectUpTo( TYPE_AND_MEMBERS_INTROSPECTED )
2021-05-03 14:22:46.410 START: workQueue.size: 0, waited for: 189ms, org.apache.isis.viewer.restfulobjects.rendering.service.RepresentationServiceContentNegotiator: #introspectUpTo( TYPE_AND_MEMBERS_INTROSPECTED )
2021-05-03 14:22:46.410 START: workQueue.size: 0, waited for: 189ms, org.apache.isis.schema.services.jaxb.JaxbServiceDefault: #introspectUpTo( TYPE_AND_MEMBERS_INTROSPECTED )
2021-05-03 14:22:46.410 END: completed in: 0ms, org.apache.isis.viewer.restfulobjects.rendering.service.conneg.ContentNegotiationServiceForRestfulObjectsV1_0: #introspectUpTo( TYPE_AND_MEMBERS_INTROSPECTED )
2021-05-03 14:22:46.410 END: completed in: 0ms, org.apache.isis.viewer.restfulobjects.rendering.service.acceptheader.AcceptHeaderServiceForRest: #introspectUpTo( TYPE_AND_MEMBERS_INTROSPECTED )
2021-05-03 14:22:46.410 START: workQueue.size: 0, waited for: 189ms, org.apache.isis.viewer.wicket.viewer.services.DeepLinkServiceWicket: #introspectUpTo( TYPE_AND_MEMBERS_INTROSPECTED )
2021-05-03 14:22:46.411 START: workQueue.size: 0, waited for: 189ms, org.apache.isis.viewer.wicket.viewer.services.GuiceBeanProviderWicket: #introspectUpTo( TYPE_AND_MEMBERS_INTROSPECTED )
2021-05-03 14:22:46.410 END: completed in: 1ms, org.apache.isis.objectstore.jdo.applib.service.exceprecog.ExceptionRecognizerCompositeForJdoObjectStore: #introspectUpTo( TYPE_AND_MEMBERS_INTROSPECTED )
2021-05-03 14:22:46.411 END: completed in: 1ms, org.apache.isis.viewer.wicket.viewer.services.DeepLinkServiceWicket: #introspectUpTo( TYPE_AND_MEMBERS_INTROSPECTED )
2021-05-03 14:22:46.411 START: workQueue.size: 0, waited for: 190ms, org.apache.isis.viewer.wicket.viewer.services.HintStoreUsingWicketSession: #introspectUpTo( TYPE_AND_MEMBERS_INTROSPECTED )
2021-05-03 14:22:46.411 END: completed in: 1ms, org.apache.isis.schema.services.jaxb.JaxbServiceDefault: #introspectUpTo( TYPE_AND_MEMBERS_INTROSPECTED )
2021-05-03 14:22:46.410 END: completed in: 0ms, org.apache.isis.viewer.restfulobjects.rendering.service.RepresentationServiceContentNegotiator: #introspectUpTo( TYPE_AND_MEMBERS_INTROSPECTED )
2021-05-03 14:22:46.410 END: completed in: 0ms, org.apache.isis.viewer.wicket.viewer.services.BookmarkUiServiceWicket: #introspectUpTo( TYPE_AND_MEMBERS_INTROSPECTED )
2021-05-03 14:22:46.411 END: completed in: 0ms, org.apache.isis.viewer.wicket.viewer.services.HintStoreUsingWicketSession: #introspectUpTo( TYPE_AND_MEMBERS_INTROSPECTED )
2021-05-03 14:22:46.411 START: workQueue.size: 0, waited for: 190ms, org.apache.isis.viewer.wicket.viewer.services.TranslationsResolverWicket: #introspectUpTo( TYPE_AND_MEMBERS_INTROSPECTED )
2021-05-03 14:22:46.411 START: workQueue.size: 0, waited for: 190ms, org.apache.isis.viewer.wicket.viewer.services.LocaleProviderWicket: #introspectUpTo( TYPE_AND_MEMBERS_INTROSPECTED )
2021-05-03 14:22:46.411 END: completed in: 1ms, org.apache.isis.viewer.wicket.viewer.services.GuiceBeanProviderWicket: #introspectUpTo( TYPE_AND_MEMBERS_INTROSPECTED )
2021-05-03 14:22:46.411 END: completed in: 0ms, org.apache.isis.viewer.wicket.viewer.services.LocaleProviderWicket: #introspectUpTo( TYPE_AND_MEMBERS_INTROSPECTED )
2021-05-03 14:22:46.411 END: completed in: 0ms, org.apache.isis.viewer.wicket.viewer.services.TranslationsResolverWicket: #introspectUpTo( TYPE_AND_MEMBERS_INTROSPECTED )
2021-05-03 14:22:46.411 join'ing 94 tasks: waited 0 milliseconds 
2021-05-03 14:22:46.412 START: workQueue.size: 0, waited for: 1ms, org.apache.isis.core.metamodel.services.jdosupport.Persistable_downloadJdoMetadata: #introspectUpTo( TYPE_AND_MEMBERS_INTROSPECTED )
2021-05-03 14:22:46.412 START: workQueue.size: 0, waited for: 1ms, org.apache.isis.applib.services.dto.Dto_downloadXsd: #introspectUpTo( TYPE_AND_MEMBERS_INTROSPECTED )
2021-05-03 14:22:46.414 START: workQueue.size: 0, waited for: 3ms, org.apache.isis.core.metamodel.services.jdosupport.Persistable_datanucleusIdLong: #introspectUpTo( TYPE_AND_MEMBERS_INTROSPECTED )
2021-05-03 14:22:46.414 START: workQueue.size: 0, waited for: 3ms, org.apache.isis.applib.services.layout.Object_openRestApi: #introspectUpTo( TYPE_AND_MEMBERS_INTROSPECTED )
2021-05-03 14:22:46.414 START: workQueue.size: 0, waited for: 3ms, org.apache.isis.applib.services.dto.Dto_downloadXml: #introspectUpTo( TYPE_AND_MEMBERS_INTROSPECTED )
2021-05-03 14:22:46.414 START: workQueue.size: 0, waited for: 3ms, org.apache.isis.applib.services.bookmark.BookmarkHolder_lookup: #introspectUpTo( TYPE_AND_MEMBERS_INTROSPECTED )
2021-05-03 14:22:46.421 END: completed in: 7ms, org.apache.isis.applib.services.bookmark.BookmarkHolder_lookup: #introspectUpTo( TYPE_AND_MEMBERS_INTROSPECTED )
2021-05-03 14:22:46.421 START: workQueue.size: 0, waited for: 10ms, org.apache.isis.core.metamodel.services.jdosupport.Persistable_datanucleusVersionLong: #introspectUpTo( TYPE_AND_MEMBERS_INTROSPECTED )
2021-05-03 14:22:46.421 END: completed in: 7ms, org.apache.isis.applib.services.layout.Object_openRestApi: #introspectUpTo( TYPE_AND_MEMBERS_INTROSPECTED )
2021-05-03 14:22:46.422 START: workQueue.size: 0, waited for: 11ms, org.apache.isis.applib.services.layout.Object_rebuildMetamodel: #introspectUpTo( TYPE_AND_MEMBERS_INTROSPECTED )
2021-05-03 14:22:46.422 END: completed in: 8ms, org.apache.isis.core.metamodel.services.jdosupport.Persistable_datanucleusIdLong: #introspectUpTo( TYPE_AND_MEMBERS_INTROSPECTED )
2021-05-03 14:22:46.422 END: completed in: 10ms, org.apache.isis.core.metamodel.services.jdosupport.Persistable_downloadJdoMetadata: #introspectUpTo( TYPE_AND_MEMBERS_INTROSPECTED )
2021-05-03 14:22:46.423 START: workQueue.size: 0, waited for: 12ms, org.apache.isis.applib.services.layout.Object_downloadLayoutXml: #introspectUpTo( TYPE_AND_MEMBERS_INTROSPECTED )
2021-05-03 14:22:46.423 END: completed in: 2ms, org.apache.isis.core.metamodel.services.jdosupport.Persistable_datanucleusVersionLong: #introspectUpTo( TYPE_AND_MEMBERS_INTROSPECTED )
2021-05-03 14:22:46.423 END: completed in: 11ms, org.apache.isis.applib.services.dto.Dto_downloadXsd: #introspectUpTo( TYPE_AND_MEMBERS_INTROSPECTED )
2021-05-03 14:22:46.422 START: workQueue.size: 0, waited for: 11ms, org.apache.isis.viewer.wicket.viewer.services.Object_clearHints: #introspectUpTo( TYPE_AND_MEMBERS_INTROSPECTED )
2021-05-03 14:22:46.422 END: completed in: 8ms, org.apache.isis.applib.services.dto.Dto_downloadXml: #introspectUpTo( TYPE_AND_MEMBERS_INTROSPECTED )
2021-05-03 14:22:46.424 START: workQueue.size: 0, waited for: 13ms, org.apache.isis.core.metamodel.services.jdosupport.Persistable_datanucleusVersionTimestamp: #introspectUpTo( TYPE_AND_MEMBERS_INTROSPECTED )
2021-05-03 14:22:46.423 END: completed in: 1ms, org.apache.isis.applib.services.layout.Object_rebuildMetamodel: #introspectUpTo( TYPE_AND_MEMBERS_INTROSPECTED )
2021-05-03 14:22:46.423 START: workQueue.size: 0, waited for: 12ms, org.apache.isis.applib.services.bookmark.BookmarkHolder_object: #introspectUpTo( TYPE_AND_MEMBERS_INTROSPECTED )
2021-05-03 14:22:46.425 END: completed in: 3ms, org.apache.isis.viewer.wicket.viewer.services.Object_clearHints: #introspectUpTo( TYPE_AND_MEMBERS_INTROSPECTED )
2021-05-03 14:22:46.425 END: completed in: 1ms, org.apache.isis.core.metamodel.services.jdosupport.Persistable_datanucleusVersionTimestamp: #introspectUpTo( TYPE_AND_MEMBERS_INTROSPECTED )
2021-05-03 14:22:46.426 END: completed in: 3ms, org.apache.isis.applib.services.layout.Object_downloadLayoutXml: #introspectUpTo( TYPE_AND_MEMBERS_INTROSPECTED )
2021-05-03 14:22:46.427 END: completed in: 3ms, org.apache.isis.applib.services.bookmark.BookmarkHolder_object: #introspectUpTo( TYPE_AND_MEMBERS_INTROSPECTED )
2021-05-03 14:22:46.427 join'ing 12 tasks: waited 0 milliseconds 
2021-05-03 14:22:46.428 END: completed in: 808ms, SpecificationLoader#init()
2021-05-03 14:22:47.584 END: completed in: 1964ms, persistenceSessionFactory#init(...)
2021-05-03 14:22:47.584 join'ing 5 tasks: waited 0 milliseconds 
2021-05-03 14:22:47.989 join'ing 3 tasks: waited 0 milliseconds 
